2022-10-15 00:48:59,514 INFO org.springframework.boot.StartupInfoLogger [main] Starting ElibraryAppApplication using Java 1.8.0_321 on Sureshs-MBP.ht.home with PID 11725 (/Users/sureshbabu/Downloads/elibraryApp/bin/main started by sureshbabu in /Users/sureshbabu/Downloads/elibraryApp)
2022-10-15 00:48:59,518 INFO org.springframework.boot.SpringApplication [main] No active profile set, falling back to 1 default profile: "default"
2022-10-15 00:49:01,522 INFO org.springframework.boot.web.embedded.tomcat.TomcatWebServer [main] Tomcat initialized with port(s): 8080 (http)
2022-10-15 00:49:01,531 INFO org.apache.juli.logging.DirectJDKLog [main] Initializing ProtocolHandler ["http-nio-8080"]
2022-10-15 00:49:01,532 INFO org.apache.juli.logging.DirectJDKLog [main] Starting service [Tomcat]
2022-10-15 00:49:01,532 INFO org.apache.juli.logging.DirectJDKLog [main] Starting Servlet engine: [Apache Tomcat/9.0.65]
2022-10-15 00:49:01,798 INFO org.apache.juli.logging.DirectJDKLog [main] Initializing Spring embedded WebApplicationContext
2022-10-15 00:49:01,799 INFO org.springframework.boot.web.servlet.context.ServletWebServerApplicationContext [main] Root WebApplicationContext: initialization completed in 2140 ms
2022-10-15 00:49:03,032 INFO org.springframework.boot.actuate.endpoint.web.EndpointLinksResolver [main] Exposing 1 endpoint(s) beneath base path '/actuator'
2022-10-15 00:49:03,123 INFO org.apache.juli.logging.DirectJDKLog [main] Starting ProtocolHandler ["http-nio-8080"]
2022-10-15 00:49:03,155 INFO org.springframework.boot.web.embedded.tomcat.TomcatWebServer [main] Tomcat started on port(s): 8080 (http) with context path '/ELibrary'
2022-10-15 00:49:03,181 INFO org.springframework.boot.StartupInfoLogger [main] Started ElibraryAppApplication in 4.351 seconds (JVM running for 5.007)
2022-10-15 00:53:32,246 INFO org.springframework.boot.StartupInfoLogger [main] Starting ElibraryAppApplication using Java 1.8.0_321 on Sureshs-MBP.ht.home with PID 11776 (/Users/sureshbabu/Downloads/elibraryApp/bin/main started by sureshbabu in /Users/sureshbabu/Downloads/elibraryApp)
2022-10-15 00:53:32,248 INFO org.springframework.boot.SpringApplication [main] The following 1 profile is active: "testWithH2DB"
2022-10-15 00:53:34,229 INFO org.springframework.boot.web.embedded.tomcat.TomcatWebServer [main] Tomcat initialized with port(s): 8080 (http)
2022-10-15 00:53:34,238 INFO org.apache.juli.logging.DirectJDKLog [main] Initializing ProtocolHandler ["http-nio-8080"]
2022-10-15 00:53:34,239 INFO org.apache.juli.logging.DirectJDKLog [main] Starting service [Tomcat]
2022-10-15 00:53:34,239 INFO org.apache.juli.logging.DirectJDKLog [main] Starting Servlet engine: [Apache Tomcat/9.0.65]
2022-10-15 00:53:34,491 INFO org.apache.juli.logging.DirectJDKLog [main] Initializing Spring embedded WebApplicationContext
2022-10-15 00:53:34,491 INFO org.springframework.boot.web.servlet.context.ServletWebServerApplicationContext [main] Root WebApplicationContext: initialization completed in 2105 ms
2022-10-15 00:53:35,689 INFO org.springframework.boot.actuate.endpoint.web.EndpointLinksResolver [main] Exposing 1 endpoint(s) beneath base path '/actuator'
2022-10-15 00:53:35,789 INFO org.apache.juli.logging.DirectJDKLog [main] Starting ProtocolHandler ["http-nio-8080"]
2022-10-15 00:53:35,808 WARN org.springframework.context.support.AbstractApplicationContext [main] Exception encountered during context initialization - cancelling refresh attempt: org.springframework.context.ApplicationContextException: Failed to start bean 'webServerStartStop'; nested exception is org.springframework.boot.web.server.PortInUseException: Port 8080 is already in use
2022-10-15 00:53:35,817 INFO org.apache.juli.logging.DirectJDKLog [main] Pausing ProtocolHandler ["http-nio-8080"]
2022-10-15 00:53:35,818 INFO org.apache.juli.logging.DirectJDKLog [main] Stopping service [Tomcat]
2022-10-15 00:53:35,832 INFO org.apache.juli.logging.DirectJDKLog [main] Stopping ProtocolHandler ["http-nio-8080"]
2022-10-15 00:53:35,833 INFO org.apache.juli.logging.DirectJDKLog [main] Destroying ProtocolHandler ["http-nio-8080"]
2022-10-15 00:53:35,856 INFO org.springframework.boot.autoconfigure.logging.ConditionEvaluationReportLoggingListener [main] 

Error starting ApplicationContext. To display the conditions report re-run your application with 'debug' enabled.
2022-10-15 00:53:35,884 ERROR org.springframework.boot.diagnostics.LoggingFailureAnalysisReporter [main] 

***************************
APPLICATION FAILED TO START
***************************

Description:

Web server failed to start. Port 8080 was already in use.

Action:

Identify and stop the process that's listening on port 8080 or configure this application to listen on another port.

2022-10-15 00:53:48,636 INFO org.springframework.boot.StartupInfoLogger [main] Starting ElibraryAppApplication using Java 1.8.0_321 on Sureshs-MBP.ht.home with PID 11779 (/Users/sureshbabu/Downloads/elibraryApp/bin/main started by sureshbabu in /Users/sureshbabu/Downloads/elibraryApp)
2022-10-15 00:53:48,638 INFO org.springframework.boot.SpringApplication [main] The following 1 profile is active: "testWithH2DB"
2022-10-15 00:53:50,557 INFO org.springframework.boot.web.embedded.tomcat.TomcatWebServer [main] Tomcat initialized with port(s): 8080 (http)
2022-10-15 00:53:50,565 INFO org.apache.juli.logging.DirectJDKLog [main] Initializing ProtocolHandler ["http-nio-8080"]
2022-10-15 00:53:50,566 INFO org.apache.juli.logging.DirectJDKLog [main] Starting service [Tomcat]
2022-10-15 00:53:50,567 INFO org.apache.juli.logging.DirectJDKLog [main] Starting Servlet engine: [Apache Tomcat/9.0.65]
2022-10-15 00:53:50,779 INFO org.apache.juli.logging.DirectJDKLog [main] Initializing Spring embedded WebApplicationContext
2022-10-15 00:53:50,779 INFO org.springframework.boot.web.servlet.context.ServletWebServerApplicationContext [main] Root WebApplicationContext: initialization completed in 2002 ms
2022-10-15 00:53:52,005 INFO org.springframework.boot.actuate.endpoint.web.EndpointLinksResolver [main] Exposing 1 endpoint(s) beneath base path '/actuator'
2022-10-15 00:53:52,097 INFO org.apache.juli.logging.DirectJDKLog [main] Starting ProtocolHandler ["http-nio-8080"]
2022-10-15 00:53:52,151 INFO org.springframework.boot.web.embedded.tomcat.TomcatWebServer [main] Tomcat started on port(s): 8080 (http) with context path '/ELibrary'
2022-10-15 00:53:52,206 INFO org.springframework.boot.StartupInfoLogger [main] Started ElibraryAppApplication in 4.21 seconds (JVM running for 4.68)
2022-10-15 00:54:50,882 INFO org.springframework.boot.StartupInfoLogger [main] Starting ElibraryAppApplication using Java 1.8.0_321 on Sureshs-MBP.ht.home with PID 11788 (/Users/sureshbabu/Downloads/elibraryApp/bin/main started by sureshbabu in /Users/sureshbabu/Downloads/elibraryApp)
2022-10-15 00:54:50,885 INFO org.springframework.boot.SpringApplication [main] The following 1 profile is active: "testWithH2DB"
2022-10-15 00:54:52,897 INFO org.springframework.boot.web.embedded.tomcat.TomcatWebServer [main] Tomcat initialized with port(s): 8080 (http)
2022-10-15 00:54:52,906 INFO org.apache.juli.logging.DirectJDKLog [main] Initializing ProtocolHandler ["http-nio-8080"]
2022-10-15 00:54:52,907 INFO org.apache.juli.logging.DirectJDKLog [main] Starting service [Tomcat]
2022-10-15 00:54:52,908 INFO org.apache.juli.logging.DirectJDKLog [main] Starting Servlet engine: [Apache Tomcat/9.0.65]
2022-10-15 00:54:53,161 INFO org.apache.juli.logging.DirectJDKLog [main] Initializing Spring embedded WebApplicationContext
2022-10-15 00:54:53,162 INFO org.springframework.boot.web.servlet.context.ServletWebServerApplicationContext [main] Root WebApplicationContext: initialization completed in 2149 ms
2022-10-15 00:54:54,373 INFO org.springframework.boot.actuate.endpoint.web.EndpointLinksResolver [main] Exposing 1 endpoint(s) beneath base path '/actuator'
2022-10-15 00:54:54,465 INFO org.apache.juli.logging.DirectJDKLog [main] Starting ProtocolHandler ["http-nio-8080"]
2022-10-15 00:54:54,498 INFO org.springframework.boot.web.embedded.tomcat.TomcatWebServer [main] Tomcat started on port(s): 8080 (http) with context path '/ELibrary'
2022-10-15 00:54:54,518 INFO org.springframework.boot.StartupInfoLogger [main] Started ElibraryAppApplication in 4.311 seconds (JVM running for 4.887)
2022-10-15 21:43:43,249 INFO org.springframework.boot.StartupInfoLogger [main] Starting ElibraryAppApplication using Java 1.8.0_321 on Sureshs-MBP.ht.home with PID 44990 (/Users/sureshbabu/Downloads/elibraryApp/bin/main started by sureshbabu in /Users/sureshbabu/Downloads/elibraryApp)
2022-10-15 21:43:43,261 INFO org.springframework.boot.SpringApplication [main] The following 1 profile is active: "testWithH2DB"
2022-10-15 21:43:46,511 INFO org.springframework.boot.web.embedded.tomcat.TomcatWebServer [main] Tomcat initialized with port(s): 8080 (http)
2022-10-15 21:43:46,532 INFO org.apache.juli.logging.DirectJDKLog [main] Initializing ProtocolHandler ["http-nio-8080"]
2022-10-15 21:43:46,533 INFO org.apache.juli.logging.DirectJDKLog [main] Starting service [Tomcat]
2022-10-15 21:43:46,534 INFO org.apache.juli.logging.DirectJDKLog [main] Starting Servlet engine: [Apache Tomcat/9.0.65]
2022-10-15 21:43:46,899 INFO org.apache.juli.logging.DirectJDKLog [main] Initializing Spring embedded WebApplicationContext
2022-10-15 21:43:46,900 INFO org.springframework.boot.web.servlet.context.ServletWebServerApplicationContext [main] Root WebApplicationContext: initialization completed in 3231 ms
2022-10-15 21:43:48,898 INFO org.springframework.boot.actuate.endpoint.web.EndpointLinksResolver [main] Exposing 1 endpoint(s) beneath base path '/actuator'
2022-10-15 21:43:48,975 INFO org.apache.juli.logging.DirectJDKLog [main] Starting ProtocolHandler ["http-nio-8080"]
2022-10-15 21:43:49,022 INFO org.springframework.boot.web.embedded.tomcat.TomcatWebServer [main] Tomcat started on port(s): 8080 (http) with context path '/ELibrary'
2022-10-15 21:43:49,063 INFO org.springframework.boot.StartupInfoLogger [main] Started ElibraryAppApplication in 6.852 seconds (JVM running for 8.031)
2022-10-15 21:51:49,811 INFO org.springframework.boot.StartupInfoLogger [main] Starting ElibraryAppApplication using Java 1.8.0_321 on Sureshs-MBP.ht.home with PID 46987 (/Users/sureshbabu/Downloads/elibraryApp/bin/main started by sureshbabu in /Users/sureshbabu/Downloads/elibraryApp)
2022-10-15 21:51:49,815 INFO org.springframework.boot.SpringApplication [main] The following 1 profile is active: "testWithH2DB"
2022-10-15 21:51:51,969 INFO org.springframework.boot.web.embedded.tomcat.TomcatWebServer [main] Tomcat initialized with port(s): 8080 (http)
2022-10-15 21:51:51,980 INFO org.apache.juli.logging.DirectJDKLog [main] Initializing ProtocolHandler ["http-nio-8080"]
2022-10-15 21:51:51,981 INFO org.apache.juli.logging.DirectJDKLog [main] Starting service [Tomcat]
2022-10-15 21:51:51,981 INFO org.apache.juli.logging.DirectJDKLog [main] Starting Servlet engine: [Apache Tomcat/9.0.65]
2022-10-15 21:51:52,251 INFO org.apache.juli.logging.DirectJDKLog [main] Initializing Spring embedded WebApplicationContext
2022-10-15 21:51:52,252 INFO org.springframework.boot.web.servlet.context.ServletWebServerApplicationContext [main] Root WebApplicationContext: initialization completed in 2276 ms
2022-10-15 21:51:53,540 INFO org.springframework.boot.actuate.endpoint.web.EndpointLinksResolver [main] Exposing 1 endpoint(s) beneath base path '/actuator'
2022-10-15 21:51:53,603 INFO org.apache.juli.logging.DirectJDKLog [main] Starting ProtocolHandler ["http-nio-8080"]
2022-10-15 21:51:53,626 WARN org.springframework.context.support.AbstractApplicationContext [main] Exception encountered during context initialization - cancelling refresh attempt: org.springframework.context.ApplicationContextException: Failed to start bean 'webServerStartStop'; nested exception is org.springframework.boot.web.server.PortInUseException: Port 8080 is already in use
2022-10-15 21:51:53,642 INFO org.apache.juli.logging.DirectJDKLog [main] Pausing ProtocolHandler ["http-nio-8080"]
2022-10-15 21:51:53,643 INFO org.apache.juli.logging.DirectJDKLog [main] Stopping service [Tomcat]
2022-10-15 21:51:53,657 INFO org.apache.juli.logging.DirectJDKLog [main] Stopping ProtocolHandler ["http-nio-8080"]
2022-10-15 21:51:53,660 INFO org.apache.juli.logging.DirectJDKLog [main] Destroying ProtocolHandler ["http-nio-8080"]
2022-10-15 21:51:53,688 INFO org.springframework.boot.autoconfigure.logging.ConditionEvaluationReportLoggingListener [main] 

Error starting ApplicationContext. To display the conditions report re-run your application with 'debug' enabled.
2022-10-15 21:51:53,719 ERROR org.springframework.boot.diagnostics.LoggingFailureAnalysisReporter [main] 

***************************
APPLICATION FAILED TO START
***************************

Description:

Web server failed to start. Port 8080 was already in use.

Action:

Identify and stop the process that's listening on port 8080 or configure this application to listen on another port.

2022-10-15 21:56:37,992 INFO org.springframework.boot.StartupInfoLogger [main] Starting ElibraryAppApplication using Java 1.8.0_321 on Sureshs-MBP.ht.home with PID 48165 (/Users/sureshbabu/Downloads/elibraryApp/bin/main started by sureshbabu in /Users/sureshbabu/Downloads/elibraryApp)
2022-10-15 21:56:37,999 INFO org.springframework.boot.SpringApplication [main] The following 1 profile is active: "testWithH2DB"
2022-10-15 21:56:40,918 INFO org.springframework.boot.web.embedded.tomcat.TomcatWebServer [main] Tomcat initialized with port(s): 8080 (http)
2022-10-15 21:56:40,941 INFO org.apache.juli.logging.DirectJDKLog [main] Initializing ProtocolHandler ["http-nio-8080"]
2022-10-15 21:56:40,943 INFO org.apache.juli.logging.DirectJDKLog [main] Starting service [Tomcat]
2022-10-15 21:56:40,943 INFO org.apache.juli.logging.DirectJDKLog [main] Starting Servlet engine: [Apache Tomcat/9.0.65]
2022-10-15 21:56:41,287 INFO org.apache.juli.logging.DirectJDKLog [main] Initializing Spring embedded WebApplicationContext
2022-10-15 21:56:41,289 INFO org.springframework.boot.web.servlet.context.ServletWebServerApplicationContext [main] Root WebApplicationContext: initialization completed in 3041 ms
2022-10-15 21:56:42,911 INFO org.springframework.boot.actuate.endpoint.web.EndpointLinksResolver [main] Exposing 1 endpoint(s) beneath base path '/actuator'
2022-10-15 21:56:42,985 INFO org.apache.juli.logging.DirectJDKLog [main] Starting ProtocolHandler ["http-nio-8080"]
2022-10-15 21:56:43,024 INFO org.springframework.boot.web.embedded.tomcat.TomcatWebServer [main] Tomcat started on port(s): 8080 (http) with context path '/ELibrary'
2022-10-15 21:56:43,058 INFO org.springframework.boot.StartupInfoLogger [main] Started ElibraryAppApplication in 6.129 seconds (JVM running for 7.27)
2022-10-15 22:08:27,057 INFO org.springframework.boot.StartupInfoLogger [main] Starting ElibraryAppApplication using Java 1.8.0_321 on Sureshs-MBP.ht.home with PID 51102 (/Users/sureshbabu/Downloads/elibraryApp/bin/main started by sureshbabu in /Users/sureshbabu/Downloads/elibraryApp)
2022-10-15 22:08:27,059 INFO org.springframework.boot.SpringApplication [main] The following 1 profile is active: "testWithH2DB"
2022-10-15 22:08:29,245 INFO org.springframework.boot.web.embedded.tomcat.TomcatWebServer [main] Tomcat initialized with port(s): 8080 (http)
2022-10-15 22:08:29,255 INFO org.apache.juli.logging.DirectJDKLog [main] Initializing ProtocolHandler ["http-nio-8080"]
2022-10-15 22:08:29,256 INFO org.apache.juli.logging.DirectJDKLog [main] Starting service [Tomcat]
2022-10-15 22:08:29,257 INFO org.apache.juli.logging.DirectJDKLog [main] Starting Servlet engine: [Apache Tomcat/9.0.65]
2022-10-15 22:08:29,534 INFO org.apache.juli.logging.DirectJDKLog [main] Initializing Spring embedded WebApplicationContext
2022-10-15 22:08:29,535 INFO org.springframework.boot.web.servlet.context.ServletWebServerApplicationContext [main] Root WebApplicationContext: initialization completed in 2315 ms
2022-10-15 22:08:31,280 INFO org.springframework.boot.actuate.endpoint.web.EndpointLinksResolver [main] Exposing 1 endpoint(s) beneath base path '/actuator'
2022-10-15 22:08:31,379 INFO org.apache.juli.logging.DirectJDKLog [main] Starting ProtocolHandler ["http-nio-8080"]
2022-10-15 22:08:31,431 INFO org.springframework.boot.web.embedded.tomcat.TomcatWebServer [main] Tomcat started on port(s): 8080 (http) with context path '/ELibrary'
2022-10-15 22:08:31,473 INFO org.springframework.boot.StartupInfoLogger [main] Started ElibraryAppApplication in 5.158 seconds (JVM running for 5.749)
2022-10-15 22:09:52,799 INFO org.springframework.boot.StartupInfoLogger [main] Starting ElibraryAppApplication using Java 1.8.0_321 on Sureshs-MBP.ht.home with PID 51453 (/Users/sureshbabu/Downloads/elibraryApp/bin/main started by sureshbabu in /Users/sureshbabu/Downloads/elibraryApp)
2022-10-15 22:09:52,807 INFO org.springframework.boot.SpringApplication [main] The following 1 profile is active: "testWithH2DB"
2022-10-15 22:09:55,814 INFO org.springframework.boot.web.embedded.tomcat.TomcatWebServer [main] Tomcat initialized with port(s): 8080 (http)
2022-10-15 22:09:55,830 INFO org.apache.juli.logging.DirectJDKLog [main] Initializing ProtocolHandler ["http-nio-8080"]
2022-10-15 22:09:55,832 INFO org.apache.juli.logging.DirectJDKLog [main] Starting service [Tomcat]
2022-10-15 22:09:55,832 INFO org.apache.juli.logging.DirectJDKLog [main] Starting Servlet engine: [Apache Tomcat/9.0.65]
2022-10-15 22:09:56,211 INFO org.apache.juli.logging.DirectJDKLog [main] Initializing Spring embedded WebApplicationContext
2022-10-15 22:09:56,212 INFO org.springframework.boot.web.servlet.context.ServletWebServerApplicationContext [main] Root WebApplicationContext: initialization completed in 2990 ms
2022-10-15 22:09:57,830 INFO org.springframework.boot.actuate.endpoint.web.EndpointLinksResolver [main] Exposing 1 endpoint(s) beneath base path '/actuator'
2022-10-15 22:09:57,929 INFO org.apache.juli.logging.DirectJDKLog [main] Starting ProtocolHandler ["http-nio-8080"]
2022-10-15 22:09:57,983 INFO org.springframework.boot.web.embedded.tomcat.TomcatWebServer [main] Tomcat started on port(s): 8080 (http) with context path '/ELibrary'
2022-10-15 22:09:58,018 INFO org.springframework.boot.StartupInfoLogger [main] Started ElibraryAppApplication in 6.251 seconds (JVM running for 7.159)
2022-10-15 22:10:16,271 INFO org.springframework.boot.StartupInfoLogger [main] Starting ElibraryAppApplication using Java 1.8.0_321 on Sureshs-MBP.ht.home with PID 51550 (/Users/sureshbabu/Downloads/elibraryApp/bin/main started by sureshbabu in /Users/sureshbabu/Downloads/elibraryApp)
2022-10-15 22:10:16,280 INFO org.springframework.boot.SpringApplication [main] The following 1 profile is active: "testWithH2DB"
2022-10-15 22:10:19,372 INFO org.springframework.boot.web.embedded.tomcat.TomcatWebServer [main] Tomcat initialized with port(s): 8080 (http)
2022-10-15 22:10:19,387 INFO org.apache.juli.logging.DirectJDKLog [main] Initializing ProtocolHandler ["http-nio-8080"]
2022-10-15 22:10:19,388 INFO org.apache.juli.logging.DirectJDKLog [main] Starting service [Tomcat]
2022-10-15 22:10:19,389 INFO org.apache.juli.logging.DirectJDKLog [main] Starting Servlet engine: [Apache Tomcat/9.0.65]
2022-10-15 22:10:19,801 INFO org.apache.juli.logging.DirectJDKLog [main] Initializing Spring embedded WebApplicationContext
2022-10-15 22:10:19,802 INFO org.springframework.boot.web.servlet.context.ServletWebServerApplicationContext [main] Root WebApplicationContext: initialization completed in 3124 ms
2022-10-15 22:10:21,563 INFO org.springframework.boot.actuate.endpoint.web.EndpointLinksResolver [main] Exposing 1 endpoint(s) beneath base path '/actuator'
2022-10-15 22:10:21,656 INFO org.apache.juli.logging.DirectJDKLog [main] Starting ProtocolHandler ["http-nio-8080"]
2022-10-15 22:10:21,696 INFO org.springframework.boot.web.embedded.tomcat.TomcatWebServer [main] Tomcat started on port(s): 8080 (http) with context path '/ELibrary'
2022-10-15 22:10:21,726 INFO org.springframework.boot.StartupInfoLogger [main] Started ElibraryAppApplication in 6.411 seconds (JVM running for 7.301)
2022-10-15 22:11:23,839 INFO org.springframework.boot.StartupInfoLogger [main] Starting ElibraryAppApplication using Java 1.8.0_321 on Sureshs-MBP.ht.home with PID 51830 (/Users/sureshbabu/Downloads/elibraryApp/bin/main started by sureshbabu in /Users/sureshbabu/Downloads/elibraryApp)
2022-10-15 22:11:23,851 INFO org.springframework.boot.SpringApplication [main] The following 1 profile is active: "testWithH2DB"
2022-10-15 22:11:27,044 INFO org.springframework.boot.web.embedded.tomcat.TomcatWebServer [main] Tomcat initialized with port(s): 8080 (http)
2022-10-15 22:11:27,061 INFO org.apache.juli.logging.DirectJDKLog [main] Initializing ProtocolHandler ["http-nio-8080"]
2022-10-15 22:11:27,063 INFO org.apache.juli.logging.DirectJDKLog [main] Starting service [Tomcat]
2022-10-15 22:11:27,063 INFO org.apache.juli.logging.DirectJDKLog [main] Starting Servlet engine: [Apache Tomcat/9.0.65]
2022-10-15 22:11:27,427 INFO org.apache.juli.logging.DirectJDKLog [main] Initializing Spring embedded WebApplicationContext
2022-10-15 22:11:27,429 INFO org.springframework.boot.web.servlet.context.ServletWebServerApplicationContext [main] Root WebApplicationContext: initialization completed in 3197 ms
2022-10-15 22:11:29,123 INFO org.springframework.boot.actuate.endpoint.web.EndpointLinksResolver [main] Exposing 1 endpoint(s) beneath base path '/actuator'
2022-10-15 22:11:29,247 INFO org.apache.juli.logging.DirectJDKLog [main] Starting ProtocolHandler ["http-nio-8080"]
2022-10-15 22:11:29,287 INFO org.springframework.boot.web.embedded.tomcat.TomcatWebServer [main] Tomcat started on port(s): 8080 (http) with context path '/ELibrary'
2022-10-15 22:11:29,321 INFO org.springframework.boot.StartupInfoLogger [main] Started ElibraryAppApplication in 6.508 seconds (JVM running for 7.401)
2022-10-15 22:11:49,094 INFO org.springframework.boot.StartupInfoLogger [main] Starting ElibraryAppApplication using Java 1.8.0_321 on Sureshs-MBP.ht.home with PID 51934 (/Users/sureshbabu/Downloads/elibraryApp/bin/main started by sureshbabu in /Users/sureshbabu/Downloads/elibraryApp)
2022-10-15 22:11:49,102 INFO org.springframework.boot.SpringApplication [main] The following 1 profile is active: "testWithH2DB"
2022-10-15 22:11:52,212 INFO org.springframework.boot.web.embedded.tomcat.TomcatWebServer [main] Tomcat initialized with port(s): 8080 (http)
2022-10-15 22:11:52,230 INFO org.apache.juli.logging.DirectJDKLog [main] Initializing ProtocolHandler ["http-nio-8080"]
2022-10-15 22:11:52,232 INFO org.apache.juli.logging.DirectJDKLog [main] Starting service [Tomcat]
2022-10-15 22:11:52,232 INFO org.apache.juli.logging.DirectJDKLog [main] Starting Servlet engine: [Apache Tomcat/9.0.65]
2022-10-15 22:11:52,612 INFO org.apache.juli.logging.DirectJDKLog [main] Initializing Spring embedded WebApplicationContext
2022-10-15 22:11:52,614 INFO org.springframework.boot.web.servlet.context.ServletWebServerApplicationContext [main] Root WebApplicationContext: initialization completed in 3124 ms
2022-10-15 22:11:54,250 INFO org.springframework.boot.actuate.endpoint.web.EndpointLinksResolver [main] Exposing 1 endpoint(s) beneath base path '/actuator'
2022-10-15 22:11:54,333 INFO org.apache.juli.logging.DirectJDKLog [main] Starting ProtocolHandler ["http-nio-8080"]
2022-10-15 22:11:54,394 INFO org.springframework.boot.web.embedded.tomcat.TomcatWebServer [main] Tomcat started on port(s): 8080 (http) with context path '/ELibrary'
2022-10-15 22:11:54,431 INFO org.springframework.boot.StartupInfoLogger [main] Started ElibraryAppApplication in 6.306 seconds (JVM running for 7.217)
2022-10-15 22:14:48,265 INFO org.springframework.boot.StartupInfoLogger [main] Starting ElibraryAppApplication using Java 1.8.0_321 on Sureshs-MBP.ht.home with PID 52670 (/Users/sureshbabu/Downloads/elibraryApp/bin/main started by sureshbabu in /Users/sureshbabu/Downloads/elibraryApp)
2022-10-15 22:14:48,268 INFO org.springframework.boot.SpringApplication [main] The following 1 profile is active: "testWithH2DB"
2022-10-15 22:14:48,593 WARN org.springframework.context.support.AbstractApplicationContext [main] Exception encountered during context initialization - cancelling refresh attempt: org.springframework.beans.factory.BeanDefinitionStoreException: Failed to parse configuration class [com.library.elibrary.ElibraryAppApplication]; nested exception is java.io.FileNotFoundException: class path resource [messenger-queries.xml] cannot be opened because it does not exist
2022-10-15 22:14:48,691 ERROR org.springframework.boot.SpringApplication [main] Application run failed
org.springframework.beans.factory.BeanDefinitionStoreException: Failed to parse configuration class [com.library.elibrary.ElibraryAppApplication]; nested exception is java.io.FileNotFoundException: class path resource [messenger-queries.xml] cannot be opened because it does not exist
	at org.springframework.context.annotation.ConfigurationClassParser.parse(ConfigurationClassParser.java:188)
	at org.springframework.context.annotation.ConfigurationClassPostProcessor.processConfigBeanDefinitions(ConfigurationClassPostProcessor.java:331)
	at org.springframework.context.annotation.ConfigurationClassPostProcessor.postProcessBeanDefinitionRegistry(ConfigurationClassPostProcessor.java:247)
	at org.springframework.context.support.PostProcessorRegistrationDelegate.invokeBeanDefinitionRegistryPostProcessors(PostProcessorRegistrationDelegate.java:311)
	at org.springframework.context.support.PostProcessorRegistrationDelegate.invokeBeanFactoryPostProcessors(PostProcessorRegistrationDelegate.java:112)
	at org.springframework.context.support.AbstractApplicationContext.invokeBeanFactoryPostProcessors(AbstractApplicationContext.java:746)
	at org.springframework.context.support.AbstractApplicationContext.refresh(AbstractApplicationContext.java:564)
	at org.springframework.boot.web.servlet.context.ServletWebServerApplicationContext.refresh(ServletWebServerApplicationContext.java:147)
	at org.springframework.boot.SpringApplication.refresh(SpringApplication.java:734)
	at org.springframework.boot.SpringApplication.refreshContext(SpringApplication.java:408)
	at org.springframework.boot.SpringApplication.run(SpringApplication.java:308)
	at org.springframework.boot.SpringApplication.run(SpringApplication.java:1306)
	at org.springframework.boot.SpringApplication.run(SpringApplication.java:1295)
	at com.library.elibrary.ElibraryAppApplication.main(ElibraryAppApplication.java:15)
Caused by: java.io.FileNotFoundException: class path resource [messenger-queries.xml] cannot be opened because it does not exist
	at org.springframework.core.io.ClassPathResource.getInputStream(ClassPathResource.java:199)
	at org.springframework.core.io.support.EncodedResource.getInputStream(EncodedResource.java:159)
	at org.springframework.core.io.support.PropertiesLoaderUtils.fillProperties(PropertiesLoaderUtils.java:102)
	at org.springframework.core.io.support.PropertiesLoaderUtils.fillProperties(PropertiesLoaderUtils.java:81)
	at org.springframework.core.io.support.PropertiesLoaderUtils.loadProperties(PropertiesLoaderUtils.java:67)
	at org.springframework.core.io.support.ResourcePropertySource.<init>(ResourcePropertySource.java:67)
	at org.springframework.core.io.support.DefaultPropertySourceFactory.createPropertySource(DefaultPropertySourceFactory.java:37)
	at org.springframework.context.annotation.ConfigurationClassParser.processPropertySource(ConfigurationClassParser.java:462)
	at org.springframework.context.annotation.ConfigurationClassParser.doProcessConfigurationClass(ConfigurationClassParser.java:279)
	at org.springframework.context.annotation.ConfigurationClassParser.processConfigurationClass(ConfigurationClassParser.java:249)
	at org.springframework.context.annotation.ConfigurationClassParser.parse(ConfigurationClassParser.java:198)
	at org.springframework.context.annotation.ConfigurationClassParser.doProcessConfigurationClass(ConfigurationClassParser.java:303)
	at org.springframework.context.annotation.ConfigurationClassParser.processConfigurationClass(ConfigurationClassParser.java:249)
	at org.springframework.context.annotation.ConfigurationClassParser.parse(ConfigurationClassParser.java:206)
	at org.springframework.context.annotation.ConfigurationClassParser.parse(ConfigurationClassParser.java:174)
	... 13 common frames omitted
2022-10-15 22:15:01,903 INFO org.springframework.boot.StartupInfoLogger [main] Starting ElibraryAppApplication using Java 1.8.0_321 on Sureshs-MBP.ht.home with PID 52728 (/Users/sureshbabu/Downloads/elibraryApp/bin/main started by sureshbabu in /Users/sureshbabu/Downloads/elibraryApp)
2022-10-15 22:15:01,906 INFO org.springframework.boot.SpringApplication [main] The following 1 profile is active: "testWithH2DB"
2022-10-15 22:15:02,201 WARN org.springframework.context.support.AbstractApplicationContext [main] Exception encountered during context initialization - cancelling refresh attempt: org.springframework.beans.factory.BeanDefinitionStoreException: Failed to parse configuration class [com.library.elibrary.ElibraryAppApplication]; nested exception is java.io.FileNotFoundException: class path resource [messenger-queries.xml] cannot be opened because it does not exist
2022-10-15 22:15:02,293 ERROR org.springframework.boot.SpringApplication [main] Application run failed
org.springframework.beans.factory.BeanDefinitionStoreException: Failed to parse configuration class [com.library.elibrary.ElibraryAppApplication]; nested exception is java.io.FileNotFoundException: class path resource [messenger-queries.xml] cannot be opened because it does not exist
	at org.springframework.context.annotation.ConfigurationClassParser.parse(ConfigurationClassParser.java:188)
	at org.springframework.context.annotation.ConfigurationClassPostProcessor.processConfigBeanDefinitions(ConfigurationClassPostProcessor.java:331)
	at org.springframework.context.annotation.ConfigurationClassPostProcessor.postProcessBeanDefinitionRegistry(ConfigurationClassPostProcessor.java:247)
	at org.springframework.context.support.PostProcessorRegistrationDelegate.invokeBeanDefinitionRegistryPostProcessors(PostProcessorRegistrationDelegate.java:311)
	at org.springframework.context.support.PostProcessorRegistrationDelegate.invokeBeanFactoryPostProcessors(PostProcessorRegistrationDelegate.java:112)
	at org.springframework.context.support.AbstractApplicationContext.invokeBeanFactoryPostProcessors(AbstractApplicationContext.java:746)
	at org.springframework.context.support.AbstractApplicationContext.refresh(AbstractApplicationContext.java:564)
	at org.springframework.boot.web.servlet.context.ServletWebServerApplicationContext.refresh(ServletWebServerApplicationContext.java:147)
	at org.springframework.boot.SpringApplication.refresh(SpringApplication.java:734)
	at org.springframework.boot.SpringApplication.refreshContext(SpringApplication.java:408)
	at org.springframework.boot.SpringApplication.run(SpringApplication.java:308)
	at org.springframework.boot.SpringApplication.run(SpringApplication.java:1306)
	at org.springframework.boot.SpringApplication.run(SpringApplication.java:1295)
	at com.library.elibrary.ElibraryAppApplication.main(ElibraryAppApplication.java:15)
Caused by: java.io.FileNotFoundException: class path resource [messenger-queries.xml] cannot be opened because it does not exist
	at org.springframework.core.io.ClassPathResource.getInputStream(ClassPathResource.java:199)
	at org.springframework.core.io.support.EncodedResource.getInputStream(EncodedResource.java:159)
	at org.springframework.core.io.support.PropertiesLoaderUtils.fillProperties(PropertiesLoaderUtils.java:102)
	at org.springframework.core.io.support.PropertiesLoaderUtils.fillProperties(PropertiesLoaderUtils.java:81)
	at org.springframework.core.io.support.PropertiesLoaderUtils.loadProperties(PropertiesLoaderUtils.java:67)
	at org.springframework.core.io.support.ResourcePropertySource.<init>(ResourcePropertySource.java:67)
	at org.springframework.core.io.support.DefaultPropertySourceFactory.createPropertySource(DefaultPropertySourceFactory.java:37)
	at org.springframework.context.annotation.ConfigurationClassParser.processPropertySource(ConfigurationClassParser.java:462)
	at org.springframework.context.annotation.ConfigurationClassParser.doProcessConfigurationClass(ConfigurationClassParser.java:279)
	at org.springframework.context.annotation.ConfigurationClassParser.processConfigurationClass(ConfigurationClassParser.java:249)
	at org.springframework.context.annotation.ConfigurationClassParser.parse(ConfigurationClassParser.java:198)
	at org.springframework.context.annotation.ConfigurationClassParser.doProcessConfigurationClass(ConfigurationClassParser.java:303)
	at org.springframework.context.annotation.ConfigurationClassParser.processConfigurationClass(ConfigurationClassParser.java:249)
	at org.springframework.context.annotation.ConfigurationClassParser.parse(ConfigurationClassParser.java:206)
	at org.springframework.context.annotation.ConfigurationClassParser.parse(ConfigurationClassParser.java:174)
	... 13 common frames omitted
2022-10-15 22:18:33,437 INFO org.springframework.boot.StartupInfoLogger [main] Starting ElibraryAppApplication using Java 1.8.0_321 on Sureshs-MBP.ht.home with PID 53598 (/Users/sureshbabu/Downloads/elibraryApp/bin/main started by sureshbabu in /Users/sureshbabu/Downloads/elibraryApp)
2022-10-15 22:18:33,461 INFO org.springframework.boot.SpringApplication [main] The following 1 profile is active: "testWithH2DB"
2022-10-15 22:18:40,748 INFO org.springframework.boot.web.embedded.tomcat.TomcatWebServer [main] Tomcat initialized with port(s): 8080 (http)
2022-10-15 22:18:40,760 INFO org.apache.juli.logging.DirectJDKLog [main] Initializing ProtocolHandler ["http-nio-8080"]
2022-10-15 22:18:40,760 INFO org.apache.juli.logging.DirectJDKLog [main] Starting service [Tomcat]
2022-10-15 22:18:40,761 INFO org.apache.juli.logging.DirectJDKLog [main] Starting Servlet engine: [Apache Tomcat/9.0.65]
2022-10-15 22:18:41,083 INFO org.apache.juli.logging.DirectJDKLog [main] Initializing Spring embedded WebApplicationContext
2022-10-15 22:18:41,084 INFO org.springframework.boot.web.servlet.context.ServletWebServerApplicationContext [main] Root WebApplicationContext: initialization completed in 7169 ms
2022-10-15 22:18:56,728 ERROR org.springframework.boot.web.embedded.tomcat.TomcatStarter [main] Error starting Tomcat context. Exception: org.springframework.beans.factory.BeanCreationException. Message: Error creating bean with name 'h2Console' defined in class path resource [org/springframework/boot/autoconfigure/h2/H2ConsoleAutoConfiguration.class]: Bean instantiation via factory method failed; nested exception is org.springframework.beans.BeanInstantiationException: Failed to instantiate [org.springframework.boot.web.servlet.ServletRegistrationBean]: Factory method 'h2Console' threw exception; nested exception is org.springframework.boot.context.properties.ConfigurationPropertiesBindException: Error creating bean with name 'dataSource': Could not bind properties to 'DataSource' : prefix=spring.datasource, ignoreInvalidFields=false, ignoreUnknownFields=true; nested exception is org.springframework.boot.context.properties.bind.BindException: Failed to bind properties under 'spring.datasource' to javax.sql.DataSource
2022-10-15 22:18:57,005 INFO org.apache.juli.logging.DirectJDKLog [main] Stopping service [Tomcat]
2022-10-15 22:18:57,029 WARN org.springframework.context.support.AbstractApplicationContext [main] Exception encountered during context initialization - cancelling refresh attempt: org.springframework.context.ApplicationContextException: Unable to start web server; nested exception is org.springframework.boot.web.server.WebServerException: Unable to start embedded Tomcat
2022-10-15 22:18:57,064 INFO org.springframework.boot.autoconfigure.logging.ConditionEvaluationReportLoggingListener [main] 

Error starting ApplicationContext. To display the conditions report re-run your application with 'debug' enabled.
2022-10-15 22:18:57,113 ERROR org.springframework.boot.diagnostics.LoggingFailureAnalysisReporter [main] 

***************************
APPLICATION FAILED TO START
***************************

Description:

Failed to bind properties under 'spring.datasource' to javax.sql.DataSource:

    Property: spring.datasource.driver-class-name
    Value: "org.h2.driver"
    Origin: class path resource [application.properties] - 7:37
    Reason: java.lang.ClassNotFoundException: org.h2.driver

Action:

Update your application's configuration

