2022-10-16 18:56:20,880 INFO org.springframework.boot.StartupInfoLogger [main] Starting ElibraryAppApplication using Java 1.8.0_321 on Sureshs-MBP.ht.home with PID 63556 (/Users/sureshbabu/Downloads/elibraryApp/bin/main started by sureshbabu in /Users/sureshbabu/Downloads/elibraryApp)
2022-10-16 18:56:20,893 INFO org.springframework.boot.SpringApplication [main] The following 1 profile is active: "testWithH2DB"
2022-10-16 18:56:24,226 INFO org.springframework.boot.web.embedded.tomcat.TomcatWebServer [main] Tomcat initialized with port(s): 8080 (http)
2022-10-16 18:56:24,239 INFO org.apache.juli.logging.DirectJDKLog [main] Initializing ProtocolHandler ["http-nio-8080"]
2022-10-16 18:56:24,239 INFO org.apache.juli.logging.DirectJDKLog [main] Starting service [Tomcat]
2022-10-16 18:56:24,240 INFO org.apache.juli.logging.DirectJDKLog [main] Starting Servlet engine: [Apache Tomcat/9.0.65]
2022-10-16 18:56:24,604 INFO org.apache.juli.logging.DirectJDKLog [main] Initializing Spring embedded WebApplicationContext
2022-10-16 18:56:24,604 INFO org.springframework.boot.web.servlet.context.ServletWebServerApplicationContext [main] Root WebApplicationContext: initialization completed in 3418 ms
2022-10-16 18:56:58,597 INFO org.springframework.boot.autoconfigure.h2.H2ConsoleAutoConfiguration [main] H2 console available at '/h2-console'. Database available at 'jdbc:h2:mem:testdb'
2022-10-16 18:57:00,492 INFO org.springframework.boot.actuate.endpoint.web.EndpointLinksResolver [main] Exposing 1 endpoint(s) beneath base path '/actuator'
2022-10-16 18:57:00,573 INFO org.apache.juli.logging.DirectJDKLog [main] Starting ProtocolHandler ["http-nio-8080"]
2022-10-16 18:57:00,618 INFO org.springframework.boot.web.embedded.tomcat.TomcatWebServer [main] Tomcat started on port(s): 8080 (http) with context path '/ELibrary'
2022-10-16 18:57:00,666 INFO org.springframework.boot.StartupInfoLogger [main] Started ElibraryAppApplication in 40.897 seconds (JVM running for 42.293)
2022-10-16 19:11:18,268 INFO org.springframework.boot.StartupInfoLogger [main] Starting ElibraryAppApplication using Java 1.8.0_321 on Sureshs-MBP.ht.home with PID 63759 (/Users/sureshbabu/Downloads/elibraryApp/bin/main started by sureshbabu in /Users/sureshbabu/Downloads/elibraryApp)
2022-10-16 19:11:18,282 INFO org.springframework.boot.SpringApplication [main] The following 1 profile is active: "testWithH2DB"
2022-10-16 19:11:21,548 INFO org.springframework.boot.web.embedded.tomcat.TomcatWebServer [main] Tomcat initialized with port(s): 8080 (http)
2022-10-16 19:11:21,562 INFO org.apache.juli.logging.DirectJDKLog [main] Initializing ProtocolHandler ["http-nio-8080"]
2022-10-16 19:11:21,562 INFO org.apache.juli.logging.DirectJDKLog [main] Starting service [Tomcat]
2022-10-16 19:11:21,563 INFO org.apache.juli.logging.DirectJDKLog [main] Starting Servlet engine: [Apache Tomcat/9.0.65]
2022-10-16 19:11:21,872 INFO org.apache.juli.logging.DirectJDKLog [main] Initializing Spring embedded WebApplicationContext
2022-10-16 19:11:21,873 INFO org.springframework.boot.web.servlet.context.ServletWebServerApplicationContext [main] Root WebApplicationContext: initialization completed in 3292 ms
2022-10-16 19:11:35,655 INFO org.springframework.boot.autoconfigure.h2.H2ConsoleAutoConfiguration [main] H2 console available at '/h2-console'. Database available at 'jdbc:h2:mem:ELibraryDB'
2022-10-16 19:11:37,559 INFO org.springframework.boot.actuate.endpoint.web.EndpointLinksResolver [main] Exposing 1 endpoint(s) beneath base path '/actuator'
2022-10-16 19:11:37,632 INFO org.apache.juli.logging.DirectJDKLog [main] Starting ProtocolHandler ["http-nio-8080"]
2022-10-16 19:11:37,682 INFO org.springframework.boot.web.embedded.tomcat.TomcatWebServer [main] Tomcat started on port(s): 8080 (http) with context path '/ELibrary'
2022-10-16 19:11:37,716 INFO org.springframework.boot.StartupInfoLogger [main] Started ElibraryAppApplication in 20.526 seconds (JVM running for 21.67)
2022-10-16 19:16:13,303 INFO org.springframework.boot.StartupInfoLogger [main] Starting ElibraryAppApplication using Java 1.8.0_321 on Sureshs-MBP.ht.home with PID 63828 (/Users/sureshbabu/Downloads/elibraryApp/bin/main started by sureshbabu in /Users/sureshbabu/Downloads/elibraryApp)
2022-10-16 19:16:13,305 INFO org.springframework.boot.SpringApplication [main] The following 1 profile is active: "testWithH2DB"
2022-10-16 19:16:15,582 INFO org.springframework.boot.web.embedded.tomcat.TomcatWebServer [main] Tomcat initialized with port(s): 8080 (http)
2022-10-16 19:16:15,598 INFO org.apache.juli.logging.DirectJDKLog [main] Initializing ProtocolHandler ["http-nio-8080"]
2022-10-16 19:16:15,599 INFO org.apache.juli.logging.DirectJDKLog [main] Starting service [Tomcat]
2022-10-16 19:16:15,599 INFO org.apache.juli.logging.DirectJDKLog [main] Starting Servlet engine: [Apache Tomcat/9.0.65]
2022-10-16 19:16:15,907 INFO org.apache.juli.logging.DirectJDKLog [main] Initializing Spring embedded WebApplicationContext
2022-10-16 19:16:15,908 INFO org.springframework.boot.web.servlet.context.ServletWebServerApplicationContext [main] Root WebApplicationContext: initialization completed in 2458 ms
2022-10-16 19:16:16,563 INFO org.springframework.boot.autoconfigure.h2.H2ConsoleAutoConfiguration [main] H2 console available at '/h2-console'. Database available at 'jdbc:h2:mem:ELibraryDB'
2022-10-16 19:16:17,928 INFO org.springframework.boot.actuate.endpoint.web.EndpointLinksResolver [main] Exposing 1 endpoint(s) beneath base path '/actuator'
2022-10-16 19:16:17,987 INFO org.apache.juli.logging.DirectJDKLog [main] Starting ProtocolHandler ["http-nio-8080"]
2022-10-16 19:16:18,018 INFO org.springframework.boot.web.embedded.tomcat.TomcatWebServer [main] Tomcat started on port(s): 8080 (http) with context path '/ELibrary'
2022-10-16 19:16:18,041 INFO org.springframework.boot.StartupInfoLogger [main] Started ElibraryAppApplication in 5.435 seconds (JVM running for 6.024)
2022-10-16 19:19:38,156 ERROR org.apache.juli.logging.DirectJDKLog [http-nio-8080-exec-5] Servlet.service() for servlet [webServlet] in context with path [/ELibrary] threw exception
java.lang.ClassCastException: java.lang.String cannot be cast to java.util.HashMap
	at org.h2.server.web.PageParser.get(PageParser.java:168)
	at org.h2.server.web.PageParser.parseAll(PageParser.java:148)
	at org.h2.server.web.PageParser.replaceTags(PageParser.java:68)
	at org.h2.server.web.PageParser.parse(PageParser.java:46)
	at org.h2.server.web.PageParser.replaceTags(PageParser.java:179)
	at org.h2.server.web.PageParser.parseAll(PageParser.java:149)
	at org.h2.server.web.PageParser.replaceTags(PageParser.java:68)
	at org.h2.server.web.PageParser.parse(PageParser.java:46)
	at org.h2.server.web.WebServlet.doGet(WebServlet.java:146)
	at org.h2.server.web.WebServlet.doPost(WebServlet.java:166)
	at javax.servlet.http.HttpServlet.service(HttpServlet.java:681)
	at javax.servlet.http.HttpServlet.service(HttpServlet.java:764)
	at org.apache.catalina.core.ApplicationFilterChain.internalDoFilter(ApplicationFilterChain.java:227)
	at org.apache.catalina.core.ApplicationFilterChain.doFilter(ApplicationFilterChain.java:162)
	at org.apache.tomcat.websocket.server.WsFilter.doFilter(WsFilter.java:53)
	at org.apache.catalina.core.ApplicationFilterChain.internalDoFilter(ApplicationFilterChain.java:189)
	at org.apache.catalina.core.ApplicationFilterChain.doFilter(ApplicationFilterChain.java:162)
	at org.springframework.web.filter.RequestContextFilter.doFilterInternal(RequestContextFilter.java:100)
	at org.springframework.web.filter.OncePerRequestFilter.doFilter(OncePerRequestFilter.java:117)
	at org.apache.catalina.core.ApplicationFilterChain.internalDoFilter(ApplicationFilterChain.java:189)
	at org.apache.catalina.core.ApplicationFilterChain.doFilter(ApplicationFilterChain.java:162)
	at org.springframework.web.filter.FormContentFilter.doFilterInternal(FormContentFilter.java:93)
	at org.springframework.web.filter.OncePerRequestFilter.doFilter(OncePerRequestFilter.java:117)
	at org.apache.catalina.core.ApplicationFilterChain.internalDoFilter(ApplicationFilterChain.java:189)
	at org.apache.catalina.core.ApplicationFilterChain.doFilter(ApplicationFilterChain.java:162)
	at org.springframework.boot.actuate.metrics.web.servlet.WebMvcMetricsFilter.doFilterInternal(WebMvcMetricsFilter.java:96)
	at org.springframework.web.filter.OncePerRequestFilter.doFilter(OncePerRequestFilter.java:117)
	at org.apache.catalina.core.ApplicationFilterChain.internalDoFilter(ApplicationFilterChain.java:189)
	at org.apache.catalina.core.ApplicationFilterChain.doFilter(ApplicationFilterChain.java:162)
	at org.springframework.web.filter.CharacterEncodingFilter.doFilterInternal(CharacterEncodingFilter.java:201)
	at org.springframework.web.filter.OncePerRequestFilter.doFilter(OncePerRequestFilter.java:117)
	at org.apache.catalina.core.ApplicationFilterChain.internalDoFilter(ApplicationFilterChain.java:189)
	at org.apache.catalina.core.ApplicationFilterChain.doFilter(ApplicationFilterChain.java:162)
	at org.apache.catalina.core.StandardWrapperValve.invoke(StandardWrapperValve.java:197)
	at org.apache.catalina.core.StandardContextValve.invoke(StandardContextValve.java:97)
	at org.apache.catalina.authenticator.AuthenticatorBase.invoke(AuthenticatorBase.java:541)
	at org.apache.catalina.core.StandardHostValve.invoke(StandardHostValve.java:135)
	at org.apache.catalina.valves.ErrorReportValve.invoke(ErrorReportValve.java:92)
	at org.apache.catalina.core.StandardEngineValve.invoke(StandardEngineValve.java:78)
	at org.apache.catalina.connector.CoyoteAdapter.service(CoyoteAdapter.java:360)
	at org.apache.coyote.http11.Http11Processor.service(Http11Processor.java:399)
	at org.apache.coyote.AbstractProcessorLight.process(AbstractProcessorLight.java:65)
	at org.apache.coyote.AbstractProtocol$ConnectionHandler.process(AbstractProtocol.java:890)
	at org.apache.tomcat.util.net.NioEndpoint$SocketProcessor.doRun(NioEndpoint.java:1789)
	at org.apache.tomcat.util.net.SocketProcessorBase.run(SocketProcessorBase.java:49)
	at org.apache.tomcat.util.threads.ThreadPoolExecutor.runWorker(ThreadPoolExecutor.java:1191)
	at org.apache.tomcat.util.threads.ThreadPoolExecutor$Worker.run(ThreadPoolExecutor.java:659)
	at org.apache.tomcat.util.threads.TaskThread$WrappingRunnable.run(TaskThread.java:61)
	at java.lang.Thread.run(Thread.java:750)
2022-10-16 19:19:38,172 INFO org.apache.juli.logging.DirectJDKLog [http-nio-8080-exec-5] Initializing Spring DispatcherServlet 'dispatcherServlet'
2022-10-16 19:19:38,175 INFO org.springframework.web.servlet.FrameworkServlet [http-nio-8080-exec-5] Initializing Servlet 'dispatcherServlet'
2022-10-16 19:19:38,190 INFO org.springframework.web.servlet.FrameworkServlet [http-nio-8080-exec-5] Completed initialization in 15 ms
2022-10-16 19:19:52,501 ERROR org.apache.juli.logging.DirectJDKLog [http-nio-8080-exec-6] Servlet.service() for servlet [webServlet] in context with path [/ELibrary] threw exception
java.lang.ClassCastException: java.lang.String cannot be cast to java.util.HashMap
	at org.h2.server.web.PageParser.get(PageParser.java:168)
	at org.h2.server.web.PageParser.parseAll(PageParser.java:148)
	at org.h2.server.web.PageParser.replaceTags(PageParser.java:68)
	at org.h2.server.web.PageParser.parse(PageParser.java:46)
	at org.h2.server.web.PageParser.replaceTags(PageParser.java:179)
	at org.h2.server.web.PageParser.parseAll(PageParser.java:149)
	at org.h2.server.web.PageParser.replaceTags(PageParser.java:68)
	at org.h2.server.web.PageParser.parse(PageParser.java:46)
	at org.h2.server.web.WebServlet.doGet(WebServlet.java:146)
	at org.h2.server.web.WebServlet.doPost(WebServlet.java:166)
	at javax.servlet.http.HttpServlet.service(HttpServlet.java:681)
	at javax.servlet.http.HttpServlet.service(HttpServlet.java:764)
	at org.apache.catalina.core.ApplicationFilterChain.internalDoFilter(ApplicationFilterChain.java:227)
	at org.apache.catalina.core.ApplicationFilterChain.doFilter(ApplicationFilterChain.java:162)
	at org.apache.tomcat.websocket.server.WsFilter.doFilter(WsFilter.java:53)
	at org.apache.catalina.core.ApplicationFilterChain.internalDoFilter(ApplicationFilterChain.java:189)
	at org.apache.catalina.core.ApplicationFilterChain.doFilter(ApplicationFilterChain.java:162)
	at org.springframework.web.filter.RequestContextFilter.doFilterInternal(RequestContextFilter.java:100)
	at org.springframework.web.filter.OncePerRequestFilter.doFilter(OncePerRequestFilter.java:117)
	at org.apache.catalina.core.ApplicationFilterChain.internalDoFilter(ApplicationFilterChain.java:189)
	at org.apache.catalina.core.ApplicationFilterChain.doFilter(ApplicationFilterChain.java:162)
	at org.springframework.web.filter.FormContentFilter.doFilterInternal(FormContentFilter.java:93)
	at org.springframework.web.filter.OncePerRequestFilter.doFilter(OncePerRequestFilter.java:117)
	at org.apache.catalina.core.ApplicationFilterChain.internalDoFilter(ApplicationFilterChain.java:189)
	at org.apache.catalina.core.ApplicationFilterChain.doFilter(ApplicationFilterChain.java:162)
	at org.springframework.boot.actuate.metrics.web.servlet.WebMvcMetricsFilter.doFilterInternal(WebMvcMetricsFilter.java:96)
	at org.springframework.web.filter.OncePerRequestFilter.doFilter(OncePerRequestFilter.java:117)
	at org.apache.catalina.core.ApplicationFilterChain.internalDoFilter(ApplicationFilterChain.java:189)
	at org.apache.catalina.core.ApplicationFilterChain.doFilter(ApplicationFilterChain.java:162)
	at org.springframework.web.filter.CharacterEncodingFilter.doFilterInternal(CharacterEncodingFilter.java:201)
	at org.springframework.web.filter.OncePerRequestFilter.doFilter(OncePerRequestFilter.java:117)
	at org.apache.catalina.core.ApplicationFilterChain.internalDoFilter(ApplicationFilterChain.java:189)
	at org.apache.catalina.core.ApplicationFilterChain.doFilter(ApplicationFilterChain.java:162)
	at org.apache.catalina.core.StandardWrapperValve.invoke(StandardWrapperValve.java:197)
	at org.apache.catalina.core.StandardContextValve.invoke(StandardContextValve.java:97)
	at org.apache.catalina.authenticator.AuthenticatorBase.invoke(AuthenticatorBase.java:541)
	at org.apache.catalina.core.StandardHostValve.invoke(StandardHostValve.java:135)
	at org.apache.catalina.valves.ErrorReportValve.invoke(ErrorReportValve.java:92)
	at org.apache.catalina.core.StandardEngineValve.invoke(StandardEngineValve.java:78)
	at org.apache.catalina.connector.CoyoteAdapter.service(CoyoteAdapter.java:360)
	at org.apache.coyote.http11.Http11Processor.service(Http11Processor.java:399)
	at org.apache.coyote.AbstractProcessorLight.process(AbstractProcessorLight.java:65)
	at org.apache.coyote.AbstractProtocol$ConnectionHandler.process(AbstractProtocol.java:890)
	at org.apache.tomcat.util.net.NioEndpoint$SocketProcessor.doRun(NioEndpoint.java:1789)
	at org.apache.tomcat.util.net.SocketProcessorBase.run(SocketProcessorBase.java:49)
	at org.apache.tomcat.util.threads.ThreadPoolExecutor.runWorker(ThreadPoolExecutor.java:1191)
	at org.apache.tomcat.util.threads.ThreadPoolExecutor$Worker.run(ThreadPoolExecutor.java:659)
	at org.apache.tomcat.util.threads.TaskThread$WrappingRunnable.run(TaskThread.java:61)
	at java.lang.Thread.run(Thread.java:750)
2022-10-16 19:24:50,668 INFO org.springframework.boot.StartupInfoLogger [main] Starting ElibraryAppApplication using Java 1.8.0_321 on Sureshs-MBP.ht.home with PID 64012 (/Users/sureshbabu/Downloads/elibraryApp/bin/main started by sureshbabu in /Users/sureshbabu/Downloads/elibraryApp)
2022-10-16 19:24:50,670 INFO org.springframework.boot.SpringApplication [main] The following 1 profile is active: "testWithH2DB"
2022-10-16 19:24:52,856 INFO org.springframework.boot.web.embedded.tomcat.TomcatWebServer [main] Tomcat initialized with port(s): 8080 (http)
2022-10-16 19:24:52,866 INFO org.apache.juli.logging.DirectJDKLog [main] Initializing ProtocolHandler ["http-nio-8080"]
2022-10-16 19:24:52,867 INFO org.apache.juli.logging.DirectJDKLog [main] Starting service [Tomcat]
2022-10-16 19:24:52,867 INFO org.apache.juli.logging.DirectJDKLog [main] Starting Servlet engine: [Apache Tomcat/9.0.65]
2022-10-16 19:24:53,169 INFO org.apache.juli.logging.DirectJDKLog [main] Initializing Spring embedded WebApplicationContext
2022-10-16 19:24:53,170 INFO org.springframework.boot.web.servlet.context.ServletWebServerApplicationContext [main] Root WebApplicationContext: initialization completed in 2346 ms
2022-10-16 19:24:53,755 INFO org.springframework.boot.autoconfigure.h2.H2ConsoleAutoConfiguration [main] H2 console available at '/h2-console'. Database available at 'jdbc:h2:file:/Users/sureshbabu/Downloads/elibraryApp/data/sample'
2022-10-16 19:24:55,053 INFO org.springframework.boot.actuate.endpoint.web.EndpointLinksResolver [main] Exposing 1 endpoint(s) beneath base path '/actuator'
2022-10-16 19:24:55,131 INFO org.apache.juli.logging.DirectJDKLog [main] Starting ProtocolHandler ["http-nio-8080"]
2022-10-16 19:24:55,166 INFO org.springframework.boot.web.embedded.tomcat.TomcatWebServer [main] Tomcat started on port(s): 8080 (http) with context path '/ELibrary'
2022-10-16 19:24:55,203 INFO org.springframework.boot.StartupInfoLogger [main] Started ElibraryAppApplication in 5.249 seconds (JVM running for 5.947)
2022-10-16 19:26:10,858 ERROR org.apache.juli.logging.DirectJDKLog [http-nio-8080-exec-4] Servlet.service() for servlet [webServlet] in context with path [/ELibrary] threw exception
java.lang.ClassCastException: java.lang.String cannot be cast to java.util.HashMap
	at org.h2.server.web.PageParser.get(PageParser.java:168)
	at org.h2.server.web.PageParser.parseAll(PageParser.java:148)
	at org.h2.server.web.PageParser.replaceTags(PageParser.java:68)
	at org.h2.server.web.PageParser.parse(PageParser.java:46)
	at org.h2.server.web.PageParser.replaceTags(PageParser.java:179)
	at org.h2.server.web.PageParser.parseAll(PageParser.java:149)
	at org.h2.server.web.PageParser.replaceTags(PageParser.java:68)
	at org.h2.server.web.PageParser.parse(PageParser.java:46)
	at org.h2.server.web.WebServlet.doGet(WebServlet.java:146)
	at org.h2.server.web.WebServlet.doPost(WebServlet.java:166)
	at javax.servlet.http.HttpServlet.service(HttpServlet.java:681)
	at javax.servlet.http.HttpServlet.service(HttpServlet.java:764)
	at org.apache.catalina.core.ApplicationFilterChain.internalDoFilter(ApplicationFilterChain.java:227)
	at org.apache.catalina.core.ApplicationFilterChain.doFilter(ApplicationFilterChain.java:162)
	at org.apache.tomcat.websocket.server.WsFilter.doFilter(WsFilter.java:53)
	at org.apache.catalina.core.ApplicationFilterChain.internalDoFilter(ApplicationFilterChain.java:189)
	at org.apache.catalina.core.ApplicationFilterChain.doFilter(ApplicationFilterChain.java:162)
	at org.springframework.web.filter.RequestContextFilter.doFilterInternal(RequestContextFilter.java:100)
	at org.springframework.web.filter.OncePerRequestFilter.doFilter(OncePerRequestFilter.java:117)
	at org.apache.catalina.core.ApplicationFilterChain.internalDoFilter(ApplicationFilterChain.java:189)
	at org.apache.catalina.core.ApplicationFilterChain.doFilter(ApplicationFilterChain.java:162)
	at org.springframework.web.filter.FormContentFilter.doFilterInternal(FormContentFilter.java:93)
	at org.springframework.web.filter.OncePerRequestFilter.doFilter(OncePerRequestFilter.java:117)
	at org.apache.catalina.core.ApplicationFilterChain.internalDoFilter(ApplicationFilterChain.java:189)
	at org.apache.catalina.core.ApplicationFilterChain.doFilter(ApplicationFilterChain.java:162)
	at org.springframework.boot.actuate.metrics.web.servlet.WebMvcMetricsFilter.doFilterInternal(WebMvcMetricsFilter.java:96)
	at org.springframework.web.filter.OncePerRequestFilter.doFilter(OncePerRequestFilter.java:117)
	at org.apache.catalina.core.ApplicationFilterChain.internalDoFilter(ApplicationFilterChain.java:189)
	at org.apache.catalina.core.ApplicationFilterChain.doFilter(ApplicationFilterChain.java:162)
	at org.springframework.web.filter.CharacterEncodingFilter.doFilterInternal(CharacterEncodingFilter.java:201)
	at org.springframework.web.filter.OncePerRequestFilter.doFilter(OncePerRequestFilter.java:117)
	at org.apache.catalina.core.ApplicationFilterChain.internalDoFilter(ApplicationFilterChain.java:189)
	at org.apache.catalina.core.ApplicationFilterChain.doFilter(ApplicationFilterChain.java:162)
	at org.apache.catalina.core.StandardWrapperValve.invoke(StandardWrapperValve.java:197)
	at org.apache.catalina.core.StandardContextValve.invoke(StandardContextValve.java:97)
	at org.apache.catalina.authenticator.AuthenticatorBase.invoke(AuthenticatorBase.java:541)
	at org.apache.catalina.core.StandardHostValve.invoke(StandardHostValve.java:135)
	at org.apache.catalina.valves.ErrorReportValve.invoke(ErrorReportValve.java:92)
	at org.apache.catalina.core.StandardEngineValve.invoke(StandardEngineValve.java:78)
	at org.apache.catalina.connector.CoyoteAdapter.service(CoyoteAdapter.java:360)
	at org.apache.coyote.http11.Http11Processor.service(Http11Processor.java:399)
	at org.apache.coyote.AbstractProcessorLight.process(AbstractProcessorLight.java:65)
	at org.apache.coyote.AbstractProtocol$ConnectionHandler.process(AbstractProtocol.java:890)
	at org.apache.tomcat.util.net.NioEndpoint$SocketProcessor.doRun(NioEndpoint.java:1789)
	at org.apache.tomcat.util.net.SocketProcessorBase.run(SocketProcessorBase.java:49)
	at org.apache.tomcat.util.threads.ThreadPoolExecutor.runWorker(ThreadPoolExecutor.java:1191)
	at org.apache.tomcat.util.threads.ThreadPoolExecutor$Worker.run(ThreadPoolExecutor.java:659)
	at org.apache.tomcat.util.threads.TaskThread$WrappingRunnable.run(TaskThread.java:61)
	at java.lang.Thread.run(Thread.java:750)
2022-10-16 19:26:10,874 INFO org.apache.juli.logging.DirectJDKLog [http-nio-8080-exec-4] Initializing Spring DispatcherServlet 'dispatcherServlet'
2022-10-16 19:26:10,875 INFO org.springframework.web.servlet.FrameworkServlet [http-nio-8080-exec-4] Initializing Servlet 'dispatcherServlet'
2022-10-16 19:26:10,896 INFO org.springframework.web.servlet.FrameworkServlet [http-nio-8080-exec-4] Completed initialization in 21 ms
2022-10-16 19:27:14,789 INFO org.springframework.boot.StartupInfoLogger [main] Starting ElibraryAppApplication using Java 1.8.0_321 on Sureshs-MBP.ht.home with PID 64046 (/Users/sureshbabu/Downloads/elibraryApp/bin/main started by sureshbabu in /Users/sureshbabu/Downloads/elibraryApp)
2022-10-16 19:27:14,792 INFO org.springframework.boot.SpringApplication [main] The following 1 profile is active: "testWithH2DB"
2022-10-16 19:27:16,944 INFO org.springframework.boot.web.embedded.tomcat.TomcatWebServer [main] Tomcat initialized with port(s): 8080 (http)
2022-10-16 19:27:16,954 INFO org.apache.juli.logging.DirectJDKLog [main] Initializing ProtocolHandler ["http-nio-8080"]
2022-10-16 19:27:16,955 INFO org.apache.juli.logging.DirectJDKLog [main] Starting service [Tomcat]
2022-10-16 19:27:16,955 INFO org.apache.juli.logging.DirectJDKLog [main] Starting Servlet engine: [Apache Tomcat/9.0.65]
2022-10-16 19:27:17,254 INFO org.apache.juli.logging.DirectJDKLog [main] Initializing Spring embedded WebApplicationContext
2022-10-16 19:27:17,255 INFO org.springframework.boot.web.servlet.context.ServletWebServerApplicationContext [main] Root WebApplicationContext: initialization completed in 2315 ms
2022-10-16 19:27:17,781 INFO org.springframework.boot.autoconfigure.h2.H2ConsoleAutoConfiguration [main] H2 console available at '/h2-console'. Database available at 'jdbc:h2:mem:testdb'
2022-10-16 19:27:18,160 WARN org.springframework.context.support.AbstractApplicationContext [main] Exception encountered during context initialization - cancelling refresh attempt: org.springframework.beans.factory.UnsatisfiedDependencyException: Error creating bean with name 'bookDao' defined in file [/Users/sureshbabu/Downloads/elibraryApp/bin/main/com/library/elibrary/dao/BookDao.class]: Unsatisfied dependency expressed through constructor parameter 0; nested exception is org.springframework.beans.factory.BeanCreationException: Error creating bean with name 'dataSourceScriptDatabaseInitializer' defined in class path resource [org/springframework/boot/autoconfigure/sql/init/DataSourceInitializationConfiguration.class]: Invocation of init method failed; nested exception is org.springframework.jdbc.datasource.init.ScriptStatementFailedException: Failed to execute SQL script statement #6 of URL [file:/Users/sureshbabu/Downloads/elibraryApp/bin/main/schema.sql]: CREATE TABLE E_ISSUEBOOK( CALLNO VARCHAR(4000) NOT NULL ENABLE, STUDENTID VARCHAR(4000) NOT NULL ENABLE, STUDENTNAME VARCHAR(4000), STUDENTMOBILE INT, ISSUEDDATE DATE, RETURNSTATUS VARCHAR(4000) ); nested exception is org.h2.jdbc.JdbcSQLSyntaxErrorException: Syntax error in SQL statement "CREATE TABLE E_ISSUEBOOK( CALLNO VARCHAR(4000) NOT NULL [*]ENABLE, STUDENTID VARCHAR(4000) NOT NULL ENABLE, STUDENTNAME VARCHAR(4000), STUDENTMOBILE INT, ISSUEDDATE DATE, RETURNSTATUS VARCHAR(4000) )"; expected "AS, DEFAULT, GENERATED, ON UPDATE, AUTO_INCREMENT, DEFAULT ON NULL, NULL_TO_DEFAULT, SEQUENCE, SELECTIVITY, COMMENT, CONSTRAINT, COMMENT, PRIMARY KEY, UNIQUE, NOT NULL, NULL, CHECK, REFERENCES, AUTO_INCREMENT, ,, )"; SQL statement:
CREATE TABLE E_ISSUEBOOK( CALLNO VARCHAR(4000) NOT NULL ENABLE, STUDENTID VARCHAR(4000) NOT NULL ENABLE, STUDENTNAME VARCHAR(4000), STUDENTMOBILE INT, ISSUEDDATE DATE, RETURNSTATUS VARCHAR(4000) ) [42001-214]
2022-10-16 19:27:18,167 INFO org.apache.juli.logging.DirectJDKLog [main] Stopping service [Tomcat]
2022-10-16 19:27:18,196 INFO org.springframework.boot.autoconfigure.logging.ConditionEvaluationReportLoggingListener [main] 

Error starting ApplicationContext. To display the conditions report re-run your application with 'debug' enabled.
2022-10-16 19:27:18,224 ERROR org.springframework.boot.SpringApplication [main] Application run failed
org.springframework.beans.factory.UnsatisfiedDependencyException: Error creating bean with name 'bookDao' defined in file [/Users/sureshbabu/Downloads/elibraryApp/bin/main/com/library/elibrary/dao/BookDao.class]: Unsatisfied dependency expressed through constructor parameter 0; nested exception is org.springframework.beans.factory.BeanCreationException: Error creating bean with name 'dataSourceScriptDatabaseInitializer' defined in class path resource [org/springframework/boot/autoconfigure/sql/init/DataSourceInitializationConfiguration.class]: Invocation of init method failed; nested exception is org.springframework.jdbc.datasource.init.ScriptStatementFailedException: Failed to execute SQL script statement #6 of URL [file:/Users/sureshbabu/Downloads/elibraryApp/bin/main/schema.sql]: CREATE TABLE E_ISSUEBOOK( CALLNO VARCHAR(4000) NOT NULL ENABLE, STUDENTID VARCHAR(4000) NOT NULL ENABLE, STUDENTNAME VARCHAR(4000), STUDENTMOBILE INT, ISSUEDDATE DATE, RETURNSTATUS VARCHAR(4000) ); nested exception is org.h2.jdbc.JdbcSQLSyntaxErrorException: Syntax error in SQL statement "CREATE TABLE E_ISSUEBOOK( CALLNO VARCHAR(4000) NOT NULL [*]ENABLE, STUDENTID VARCHAR(4000) NOT NULL ENABLE, STUDENTNAME VARCHAR(4000), STUDENTMOBILE INT, ISSUEDDATE DATE, RETURNSTATUS VARCHAR(4000) )"; expected "AS, DEFAULT, GENERATED, ON UPDATE, AUTO_INCREMENT, DEFAULT ON NULL, NULL_TO_DEFAULT, SEQUENCE, SELECTIVITY, COMMENT, CONSTRAINT, COMMENT, PRIMARY KEY, UNIQUE, NOT NULL, NULL, CHECK, REFERENCES, AUTO_INCREMENT, ,, )"; SQL statement:
CREATE TABLE E_ISSUEBOOK( CALLNO VARCHAR(4000) NOT NULL ENABLE, STUDENTID VARCHAR(4000) NOT NULL ENABLE, STUDENTNAME VARCHAR(4000), STUDENTMOBILE INT, ISSUEDDATE DATE, RETURNSTATUS VARCHAR(4000) ) [42001-214]
	at org.springframework.beans.factory.support.ConstructorResolver.createArgumentArray(ConstructorResolver.java:800)
	at org.springframework.beans.factory.support.ConstructorResolver.autowireConstructor(ConstructorResolver.java:229)
	at org.springframework.beans.factory.support.AbstractAutowireCapableBeanFactory.autowireConstructor(AbstractAutowireCapableBeanFactory.java:1372)
	at org.springframework.beans.factory.support.AbstractAutowireCapableBeanFactory.createBeanInstance(AbstractAutowireCapableBeanFactory.java:1222)
	at org.springframework.beans.factory.support.AbstractAutowireCapableBeanFactory.doCreateBean(AbstractAutowireCapableBeanFactory.java:582)
	at org.springframework.beans.factory.support.AbstractAutowireCapableBeanFactory.createBean(AbstractAutowireCapableBeanFactory.java:542)
	at org.springframework.beans.factory.support.AbstractBeanFactory.lambda$doGetBean$0(AbstractBeanFactory.java:335)
	at org.springframework.beans.factory.support.DefaultSingletonBeanRegistry.getSingleton(DefaultSingletonBeanRegistry.java:234)
	at org.springframework.beans.factory.support.AbstractBeanFactory.doGetBean(AbstractBeanFactory.java:333)
	at org.springframework.beans.factory.support.AbstractBeanFactory.getBean(AbstractBeanFactory.java:208)
	at org.springframework.beans.factory.support.DefaultListableBeanFactory.preInstantiateSingletons(DefaultListableBeanFactory.java:955)
	at org.springframework.context.support.AbstractApplicationContext.finishBeanFactoryInitialization(AbstractApplicationContext.java:918)
	at org.springframework.context.support.AbstractApplicationContext.refresh(AbstractApplicationContext.java:583)
	at org.springframework.boot.web.servlet.context.ServletWebServerApplicationContext.refresh(ServletWebServerApplicationContext.java:147)
	at org.springframework.boot.SpringApplication.refresh(SpringApplication.java:734)
	at org.springframework.boot.SpringApplication.refreshContext(SpringApplication.java:408)
	at org.springframework.boot.SpringApplication.run(SpringApplication.java:308)
	at org.springframework.boot.SpringApplication.run(SpringApplication.java:1306)
	at org.springframework.boot.SpringApplication.run(SpringApplication.java:1295)
	at com.library.elibrary.ElibraryAppApplication.main(ElibraryAppApplication.java:15)
Caused by: org.springframework.beans.factory.BeanCreationException: Error creating bean with name 'dataSourceScriptDatabaseInitializer' defined in class path resource [org/springframework/boot/autoconfigure/sql/init/DataSourceInitializationConfiguration.class]: Invocation of init method failed; nested exception is org.springframework.jdbc.datasource.init.ScriptStatementFailedException: Failed to execute SQL script statement #6 of URL [file:/Users/sureshbabu/Downloads/elibraryApp/bin/main/schema.sql]: CREATE TABLE E_ISSUEBOOK( CALLNO VARCHAR(4000) NOT NULL ENABLE, STUDENTID VARCHAR(4000) NOT NULL ENABLE, STUDENTNAME VARCHAR(4000), STUDENTMOBILE INT, ISSUEDDATE DATE, RETURNSTATUS VARCHAR(4000) ); nested exception is org.h2.jdbc.JdbcSQLSyntaxErrorException: Syntax error in SQL statement "CREATE TABLE E_ISSUEBOOK( CALLNO VARCHAR(4000) NOT NULL [*]ENABLE, STUDENTID VARCHAR(4000) NOT NULL ENABLE, STUDENTNAME VARCHAR(4000), STUDENTMOBILE INT, ISSUEDDATE DATE, RETURNSTATUS VARCHAR(4000) )"; expected "AS, DEFAULT, GENERATED, ON UPDATE, AUTO_INCREMENT, DEFAULT ON NULL, NULL_TO_DEFAULT, SEQUENCE, SELECTIVITY, COMMENT, CONSTRAINT, COMMENT, PRIMARY KEY, UNIQUE, NOT NULL, NULL, CHECK, REFERENCES, AUTO_INCREMENT, ,, )"; SQL statement:
CREATE TABLE E_ISSUEBOOK( CALLNO VARCHAR(4000) NOT NULL ENABLE, STUDENTID VARCHAR(4000) NOT NULL ENABLE, STUDENTNAME VARCHAR(4000), STUDENTMOBILE INT, ISSUEDDATE DATE, RETURNSTATUS VARCHAR(4000) ) [42001-214]
	at org.springframework.beans.factory.support.AbstractAutowireCapableBeanFactory.initializeBean(AbstractAutowireCapableBeanFactory.java:1804)
	at org.springframework.beans.factory.support.AbstractAutowireCapableBeanFactory.doCreateBean(AbstractAutowireCapableBeanFactory.java:620)
	at org.springframework.beans.factory.support.AbstractAutowireCapableBeanFactory.createBean(AbstractAutowireCapableBeanFactory.java:542)
	at org.springframework.beans.factory.support.AbstractBeanFactory.lambda$doGetBean$0(AbstractBeanFactory.java:335)
	at org.springframework.beans.factory.support.DefaultSingletonBeanRegistry.getSingleton(DefaultSingletonBeanRegistry.java:234)
	at org.springframework.beans.factory.support.AbstractBeanFactory.doGetBean(AbstractBeanFactory.java:333)
	at org.springframework.beans.factory.support.AbstractBeanFactory.getBean(AbstractBeanFactory.java:208)
	at org.springframework.beans.factory.support.AbstractBeanFactory.doGetBean(AbstractBeanFactory.java:322)
	at org.springframework.beans.factory.support.AbstractBeanFactory.getBean(AbstractBeanFactory.java:208)
	at org.springframework.beans.factory.config.DependencyDescriptor.resolveCandidate(DependencyDescriptor.java:276)
	at org.springframework.beans.factory.support.DefaultListableBeanFactory.doResolveDependency(DefaultListableBeanFactory.java:1391)
	at org.springframework.beans.factory.support.DefaultListableBeanFactory.resolveDependency(DefaultListableBeanFactory.java:1311)
	at org.springframework.beans.factory.support.ConstructorResolver.resolveAutowiredArgument(ConstructorResolver.java:887)
	at org.springframework.beans.factory.support.ConstructorResolver.createArgumentArray(ConstructorResolver.java:791)
	... 19 common frames omitted
Caused by: org.springframework.jdbc.datasource.init.ScriptStatementFailedException: Failed to execute SQL script statement #6 of URL [file:/Users/sureshbabu/Downloads/elibraryApp/bin/main/schema.sql]: CREATE TABLE E_ISSUEBOOK( CALLNO VARCHAR(4000) NOT NULL ENABLE, STUDENTID VARCHAR(4000) NOT NULL ENABLE, STUDENTNAME VARCHAR(4000), STUDENTMOBILE INT, ISSUEDDATE DATE, RETURNSTATUS VARCHAR(4000) ); nested exception is org.h2.jdbc.JdbcSQLSyntaxErrorException: Syntax error in SQL statement "CREATE TABLE E_ISSUEBOOK( CALLNO VARCHAR(4000) NOT NULL [*]ENABLE, STUDENTID VARCHAR(4000) NOT NULL ENABLE, STUDENTNAME VARCHAR(4000), STUDENTMOBILE INT, ISSUEDDATE DATE, RETURNSTATUS VARCHAR(4000) )"; expected "AS, DEFAULT, GENERATED, ON UPDATE, AUTO_INCREMENT, DEFAULT ON NULL, NULL_TO_DEFAULT, SEQUENCE, SELECTIVITY, COMMENT, CONSTRAINT, COMMENT, PRIMARY KEY, UNIQUE, NOT NULL, NULL, CHECK, REFERENCES, AUTO_INCREMENT, ,, )"; SQL statement:
CREATE TABLE E_ISSUEBOOK( CALLNO VARCHAR(4000) NOT NULL ENABLE, STUDENTID VARCHAR(4000) NOT NULL ENABLE, STUDENTNAME VARCHAR(4000), STUDENTMOBILE INT, ISSUEDDATE DATE, RETURNSTATUS VARCHAR(4000) ) [42001-214]
	at org.springframework.jdbc.datasource.init.ScriptUtils.executeSqlScript(ScriptUtils.java:282)
	at org.springframework.jdbc.datasource.init.ResourceDatabasePopulator.populate(ResourceDatabasePopulator.java:254)
	at org.springframework.jdbc.datasource.init.DatabasePopulatorUtils.execute(DatabasePopulatorUtils.java:54)
	at org.springframework.boot.jdbc.init.DataSourceScriptDatabaseInitializer.runScripts(DataSourceScriptDatabaseInitializer.java:90)
	at org.springframework.boot.sql.init.AbstractScriptDatabaseInitializer.runScripts(AbstractScriptDatabaseInitializer.java:145)
	at org.springframework.boot.sql.init.AbstractScriptDatabaseInitializer.applyScripts(AbstractScriptDatabaseInitializer.java:107)
	at org.springframework.boot.sql.init.AbstractScriptDatabaseInitializer.applySchemaScripts(AbstractScriptDatabaseInitializer.java:97)
	at org.springframework.boot.sql.init.AbstractScriptDatabaseInitializer.initializeDatabase(AbstractScriptDatabaseInitializer.java:75)
	at org.springframework.boot.sql.init.AbstractScriptDatabaseInitializer.afterPropertiesSet(AbstractScriptDatabaseInitializer.java:65)
	at org.springframework.beans.factory.support.AbstractAutowireCapableBeanFactory.invokeInitMethods(AbstractAutowireCapableBeanFactory.java:1863)
	at org.springframework.beans.factory.support.AbstractAutowireCapableBeanFactory.initializeBean(AbstractAutowireCapableBeanFactory.java:1800)
	... 32 common frames omitted
Caused by: org.h2.jdbc.JdbcSQLSyntaxErrorException: Syntax error in SQL statement "CREATE TABLE E_ISSUEBOOK( CALLNO VARCHAR(4000) NOT NULL [*]ENABLE, STUDENTID VARCHAR(4000) NOT NULL ENABLE, STUDENTNAME VARCHAR(4000), STUDENTMOBILE INT, ISSUEDDATE DATE, RETURNSTATUS VARCHAR(4000) )"; expected "AS, DEFAULT, GENERATED, ON UPDATE, AUTO_INCREMENT, DEFAULT ON NULL, NULL_TO_DEFAULT, SEQUENCE, SELECTIVITY, COMMENT, CONSTRAINT, COMMENT, PRIMARY KEY, UNIQUE, NOT NULL, NULL, CHECK, REFERENCES, AUTO_INCREMENT, ,, )"; SQL statement:
CREATE TABLE E_ISSUEBOOK( CALLNO VARCHAR(4000) NOT NULL ENABLE, STUDENTID VARCHAR(4000) NOT NULL ENABLE, STUDENTNAME VARCHAR(4000), STUDENTMOBILE INT, ISSUEDDATE DATE, RETURNSTATUS VARCHAR(4000) ) [42001-214]
	at org.h2.message.DbException.getJdbcSQLException(DbException.java:502)
	at org.h2.message.DbException.getJdbcSQLException(DbException.java:477)
	at org.h2.message.DbException.getSyntaxError(DbException.java:261)
	at org.h2.command.Parser.getSyntaxError(Parser.java:900)
	at org.h2.command.Parser.read(Parser.java:5675)
	at org.h2.command.Parser.readIfMore(Parser.java:1268)
	at org.h2.command.Parser.parseCreateTable(Parser.java:9272)
	at org.h2.command.Parser.parseCreate(Parser.java:6784)
	at org.h2.command.Parser.parsePrepared(Parser.java:763)
	at org.h2.command.Parser.parse(Parser.java:689)
	at org.h2.command.Parser.parse(Parser.java:666)
	at org.h2.command.Parser.prepareCommand(Parser.java:569)
	at org.h2.engine.SessionLocal.prepareLocal(SessionLocal.java:631)
	at org.h2.engine.SessionLocal.prepareCommand(SessionLocal.java:554)
	at org.h2.jdbc.JdbcConnection.prepareCommand(JdbcConnection.java:1116)
	at org.h2.jdbc.JdbcStatement.executeInternal(JdbcStatement.java:237)
	at org.h2.jdbc.JdbcStatement.execute(JdbcStatement.java:223)
	at org.springframework.jdbc.datasource.init.ScriptUtils.executeSqlScript(ScriptUtils.java:261)
	... 42 common frames omitted
2022-10-16 19:33:51,336 INFO org.springframework.boot.StartupInfoLogger [main] Starting ElibraryAppApplication using Java 1.8.0_321 on Sureshs-MBP.ht.home with PID 64119 (/Users/sureshbabu/Downloads/elibraryApp/bin/main started by sureshbabu in /Users/sureshbabu/Downloads/elibraryApp)
2022-10-16 19:33:51,423 INFO org.springframework.boot.SpringApplication [main] The following 1 profile is active: "testWithH2DB"
2022-10-16 19:33:54,932 INFO org.springframework.boot.web.embedded.tomcat.TomcatWebServer [main] Tomcat initialized with port(s): 8080 (http)
2022-10-16 19:33:54,951 INFO org.apache.juli.logging.DirectJDKLog [main] Initializing ProtocolHandler ["http-nio-8080"]
2022-10-16 19:33:54,952 INFO org.apache.juli.logging.DirectJDKLog [main] Starting service [Tomcat]
2022-10-16 19:33:54,952 INFO org.apache.juli.logging.DirectJDKLog [main] Starting Servlet engine: [Apache Tomcat/9.0.65]
2022-10-16 19:33:55,278 INFO org.apache.juli.logging.DirectJDKLog [main] Initializing Spring embedded WebApplicationContext
2022-10-16 19:33:55,279 INFO org.springframework.boot.web.servlet.context.ServletWebServerApplicationContext [main] Root WebApplicationContext: initialization completed in 3505 ms
2022-10-16 19:33:59,937 INFO org.springframework.boot.autoconfigure.h2.H2ConsoleAutoConfiguration [main] H2 console available at '/h2-console'. Database available at 'jdbc:h2:mem:testdb'
2022-10-16 19:34:01,700 INFO org.springframework.boot.actuate.endpoint.web.EndpointLinksResolver [main] Exposing 1 endpoint(s) beneath base path '/actuator'
2022-10-16 19:34:01,872 INFO org.apache.juli.logging.DirectJDKLog [main] Starting ProtocolHandler ["http-nio-8080"]
2022-10-16 19:34:01,914 INFO org.springframework.boot.web.embedded.tomcat.TomcatWebServer [main] Tomcat started on port(s): 8080 (http) with context path '/ELibrary'
2022-10-16 19:34:01,955 INFO org.springframework.boot.StartupInfoLogger [main] Started ElibraryAppApplication in 11.73 seconds (JVM running for 13.449)
2022-10-16 19:34:34,563 INFO org.springframework.boot.StartupInfoLogger [main] Starting ElibraryAppApplication using Java 1.8.0_321 on Sureshs-MBP.ht.home with PID 64132 (/Users/sureshbabu/Downloads/elibraryApp/bin/main started by sureshbabu in /Users/sureshbabu/Downloads/elibraryApp)
2022-10-16 19:34:34,608 INFO org.springframework.boot.SpringApplication [main] The following 1 profile is active: "testWithH2DB"
2022-10-16 19:34:36,693 INFO org.springframework.boot.web.embedded.tomcat.TomcatWebServer [main] Tomcat initialized with port(s): 8080 (http)
2022-10-16 19:34:36,702 INFO org.apache.juli.logging.DirectJDKLog [main] Initializing ProtocolHandler ["http-nio-8080"]
2022-10-16 19:34:36,702 INFO org.apache.juli.logging.DirectJDKLog [main] Starting service [Tomcat]
2022-10-16 19:34:36,703 INFO org.apache.juli.logging.DirectJDKLog [main] Starting Servlet engine: [Apache Tomcat/9.0.65]
2022-10-16 19:34:37,000 INFO org.apache.juli.logging.DirectJDKLog [main] Initializing Spring embedded WebApplicationContext
2022-10-16 19:34:37,001 INFO org.springframework.boot.web.servlet.context.ServletWebServerApplicationContext [main] Root WebApplicationContext: initialization completed in 2286 ms
2022-10-16 19:34:37,544 INFO org.springframework.boot.autoconfigure.h2.H2ConsoleAutoConfiguration [main] H2 console available at '/h2-console'. Database available at 'jdbc:h2:mem:testdb'
2022-10-16 19:34:38,918 INFO org.springframework.boot.actuate.endpoint.web.EndpointLinksResolver [main] Exposing 1 endpoint(s) beneath base path '/actuator'
2022-10-16 19:34:38,995 INFO org.apache.juli.logging.DirectJDKLog [main] Starting ProtocolHandler ["http-nio-8080"]
2022-10-16 19:34:39,015 INFO org.springframework.boot.web.embedded.tomcat.TomcatWebServer [main] Tomcat started on port(s): 8080 (http) with context path '/ELibrary'
2022-10-16 19:34:39,038 INFO org.springframework.boot.StartupInfoLogger [main] Started ElibraryAppApplication in 5.095 seconds (JVM running for 5.612)
2022-10-16 21:25:00,727 INFO org.springframework.boot.StartupInfoLogger [main] Starting ElibraryAppApplication using Java 17.0.2 on Sureshs-MBP.ht.home with PID 66796 (/Users/sureshbabu/Downloads/Apps/ELibrary/Version1/elibraryApp/bin/main started by sureshbabu in /Users/sureshbabu/Downloads/Apps/ELibrary/Version1/elibraryApp)
2022-10-16 21:25:00,729 INFO org.springframework.boot.SpringApplication [main] The following 1 profile is active: "testWithH2DB"
2022-10-16 21:25:03,100 INFO org.springframework.boot.web.embedded.tomcat.TomcatWebServer [main] Tomcat initialized with port(s): 8080 (http)
2022-10-16 21:25:03,112 INFO org.apache.juli.logging.DirectJDKLog [main] Initializing ProtocolHandler ["http-nio-8080"]
2022-10-16 21:25:03,113 INFO org.apache.juli.logging.DirectJDKLog [main] Starting service [Tomcat]
2022-10-16 21:25:03,114 INFO org.apache.juli.logging.DirectJDKLog [main] Starting Servlet engine: [Apache Tomcat/9.0.65]
2022-10-16 21:25:03,249 INFO org.apache.juli.logging.DirectJDKLog [main] Initializing Spring embedded WebApplicationContext
2022-10-16 21:25:03,250 INFO org.springframework.boot.web.servlet.context.ServletWebServerApplicationContext [main] Root WebApplicationContext: initialization completed in 2373 ms
2022-10-16 21:25:03,674 INFO org.springframework.boot.autoconfigure.h2.H2ConsoleAutoConfiguration [main] H2 console available at '/h2-console'. Database available at 'jdbc:h2:mem:testdb'
2022-10-16 21:25:04,675 INFO org.springframework.boot.actuate.endpoint.web.EndpointLinksResolver [main] Exposing 1 endpoint(s) beneath base path '/actuator'
2022-10-16 21:25:04,722 INFO org.apache.juli.logging.DirectJDKLog [main] Starting ProtocolHandler ["http-nio-8080"]
2022-10-16 21:25:04,750 INFO org.springframework.boot.web.embedded.tomcat.TomcatWebServer [main] Tomcat started on port(s): 8080 (http) with context path '/ELibrary'
2022-10-16 21:25:04,774 INFO org.springframework.boot.StartupInfoLogger [main] Started ElibraryAppApplication in 4.826 seconds (JVM running for 5.58)
2022-10-16 21:37:48,620 INFO org.springframework.boot.StartupInfoLogger [main] Starting ElibraryAppApplication using Java 17.0.2 on Sureshs-MBP.ht.home with PID 67598 (/Users/sureshbabu/Downloads/Apps/ELibrary/Version1/elibraryApp/bin/main started by sureshbabu in /Users/sureshbabu/Downloads/Apps/ELibrary/Version1/elibraryApp)
2022-10-16 21:37:48,623 INFO org.springframework.boot.SpringApplication [main] The following 1 profile is active: "testWithH2DB"
2022-10-16 21:37:51,000 INFO org.springframework.boot.web.embedded.tomcat.TomcatWebServer [main] Tomcat initialized with port(s): 8080 (http)
2022-10-16 21:37:51,013 INFO org.apache.juli.logging.DirectJDKLog [main] Initializing ProtocolHandler ["http-nio-8080"]
2022-10-16 21:37:51,014 INFO org.apache.juli.logging.DirectJDKLog [main] Starting service [Tomcat]
2022-10-16 21:37:51,014 INFO org.apache.juli.logging.DirectJDKLog [main] Starting Servlet engine: [Apache Tomcat/9.0.65]
2022-10-16 21:37:51,156 INFO org.apache.juli.logging.DirectJDKLog [main] Initializing Spring embedded WebApplicationContext
2022-10-16 21:37:51,156 INFO org.springframework.boot.web.servlet.context.ServletWebServerApplicationContext [main] Root WebApplicationContext: initialization completed in 2404 ms
2022-10-16 21:37:51,604 INFO org.springframework.boot.autoconfigure.h2.H2ConsoleAutoConfiguration [main] H2 console available at '/h2-console'. Database available at 'jdbc:h2:mem:testdb'
2022-10-16 21:37:52,569 INFO org.springframework.boot.actuate.endpoint.web.EndpointLinksResolver [main] Exposing 1 endpoint(s) beneath base path '/actuator'
2022-10-16 21:37:52,641 INFO org.apache.juli.logging.DirectJDKLog [main] Starting ProtocolHandler ["http-nio-8080"]
2022-10-16 21:37:52,673 INFO org.springframework.boot.web.embedded.tomcat.TomcatWebServer [main] Tomcat started on port(s): 8080 (http) with context path '/ELibrary'
2022-10-16 21:37:52,701 INFO org.springframework.boot.StartupInfoLogger [main] Started ElibraryAppApplication in 4.857 seconds (JVM running for 5.601)
2022-10-16 21:40:43,078 INFO org.springframework.boot.StartupInfoLogger [main] Starting ElibraryAppApplication using Java 17.0.2 on Sureshs-MBP.ht.home with PID 68286 (/Users/sureshbabu/Downloads/Apps/ELibrary/Version1/elibraryApp/bin/main started by sureshbabu in /Users/sureshbabu/Downloads/Apps/ELibrary/Version1/elibraryApp)
2022-10-16 21:40:43,081 INFO org.springframework.boot.SpringApplication [main] The following 1 profile is active: "testWithH2DB"
2022-10-16 21:40:45,432 INFO org.springframework.boot.web.embedded.tomcat.TomcatWebServer [main] Tomcat initialized with port(s): 8080 (http)
2022-10-16 21:40:45,455 INFO org.apache.juli.logging.DirectJDKLog [main] Initializing ProtocolHandler ["http-nio-8080"]
2022-10-16 21:40:45,456 INFO org.apache.juli.logging.DirectJDKLog [main] Starting service [Tomcat]
2022-10-16 21:40:45,456 INFO org.apache.juli.logging.DirectJDKLog [main] Starting Servlet engine: [Apache Tomcat/9.0.65]
2022-10-16 21:40:45,584 INFO org.apache.juli.logging.DirectJDKLog [main] Initializing Spring embedded WebApplicationContext
2022-10-16 21:40:45,584 INFO org.springframework.boot.web.servlet.context.ServletWebServerApplicationContext [main] Root WebApplicationContext: initialization completed in 2369 ms
2022-10-16 21:40:46,076 INFO org.springframework.boot.autoconfigure.h2.H2ConsoleAutoConfiguration [main] H2 console available at '/h2-console'. Database available at 'jdbc:h2:mem:testdb'
2022-10-16 21:40:47,082 INFO org.springframework.boot.actuate.endpoint.web.EndpointLinksResolver [main] Exposing 1 endpoint(s) beneath base path '/actuator'
2022-10-16 21:40:47,136 INFO org.apache.juli.logging.DirectJDKLog [main] Starting ProtocolHandler ["http-nio-8080"]
2022-10-16 21:40:47,154 WARN org.springframework.context.support.AbstractApplicationContext [main] Exception encountered during context initialization - cancelling refresh attempt: org.springframework.context.ApplicationContextException: Failed to start bean 'webServerStartStop'; nested exception is org.springframework.boot.web.server.PortInUseException: Port 8080 is already in use
2022-10-16 21:40:47,161 INFO org.apache.juli.logging.DirectJDKLog [main] Pausing ProtocolHandler ["http-nio-8080"]
2022-10-16 21:40:47,162 INFO org.apache.juli.logging.DirectJDKLog [main] Stopping service [Tomcat]
2022-10-16 21:40:47,171 INFO org.apache.juli.logging.DirectJDKLog [main] Stopping ProtocolHandler ["http-nio-8080"]
2022-10-16 21:40:47,171 INFO org.apache.juli.logging.DirectJDKLog [main] Destroying ProtocolHandler ["http-nio-8080"]
2022-10-16 21:40:47,198 INFO org.springframework.boot.autoconfigure.logging.ConditionEvaluationReportLoggingListener [main] 

Error starting ApplicationContext. To display the conditions report re-run your application with 'debug' enabled.
2022-10-16 21:40:47,287 ERROR org.springframework.boot.diagnostics.LoggingFailureAnalysisReporter [main] 

***************************
APPLICATION FAILED TO START
***************************

Description:

Web server failed to start. Port 8080 was already in use.

Action:

Identify and stop the process that's listening on port 8080 or configure this application to listen on another port.

2022-10-16 21:41:11,130 INFO org.springframework.boot.StartupInfoLogger [main] Starting ElibraryAppApplication using Java 17.0.2 on Sureshs-MBP.ht.home with PID 68399 (/Users/sureshbabu/Downloads/Apps/ELibrary/Version1/elibraryApp/bin/main started by sureshbabu in /Users/sureshbabu/Downloads/Apps/ELibrary/Version1/elibraryApp)
2022-10-16 21:41:11,132 INFO org.springframework.boot.SpringApplication [main] The following 1 profile is active: "testWithH2DB"
2022-10-16 21:41:13,456 INFO org.springframework.boot.web.embedded.tomcat.TomcatWebServer [main] Tomcat initialized with port(s): 8080 (http)
2022-10-16 21:41:13,467 INFO org.apache.juli.logging.DirectJDKLog [main] Initializing ProtocolHandler ["http-nio-8080"]
2022-10-16 21:41:13,469 INFO org.apache.juli.logging.DirectJDKLog [main] Starting service [Tomcat]
2022-10-16 21:41:13,469 INFO org.apache.juli.logging.DirectJDKLog [main] Starting Servlet engine: [Apache Tomcat/9.0.65]
2022-10-16 21:41:13,590 INFO org.apache.juli.logging.DirectJDKLog [main] Initializing Spring embedded WebApplicationContext
2022-10-16 21:41:13,590 INFO org.springframework.boot.web.servlet.context.ServletWebServerApplicationContext [main] Root WebApplicationContext: initialization completed in 2322 ms
2022-10-16 21:41:14,051 INFO org.springframework.boot.autoconfigure.h2.H2ConsoleAutoConfiguration [main] H2 console available at '/h2-console'. Database available at 'jdbc:h2:mem:testdb'
2022-10-16 21:41:15,030 INFO org.springframework.boot.actuate.endpoint.web.EndpointLinksResolver [main] Exposing 1 endpoint(s) beneath base path '/actuator'
2022-10-16 21:41:15,087 INFO org.apache.juli.logging.DirectJDKLog [main] Starting ProtocolHandler ["http-nio-8080"]
2022-10-16 21:41:15,114 INFO org.springframework.boot.web.embedded.tomcat.TomcatWebServer [main] Tomcat started on port(s): 8080 (http) with context path '/ELibrary'
2022-10-16 21:41:15,134 INFO org.springframework.boot.StartupInfoLogger [main] Started ElibraryAppApplication in 4.695 seconds (JVM running for 5.297)
2022-10-16 21:43:31,475 INFO org.springframework.boot.StartupInfoLogger [main] Starting ElibraryAppApplication using Java 17.0.2 on Sureshs-MBP.ht.home with PID 68956 (/Users/sureshbabu/Downloads/Apps/ELibrary/Version1/elibraryApp/bin/main started by sureshbabu in /Users/sureshbabu/Downloads/Apps/ELibrary/Version1/elibraryApp)
2022-10-16 21:43:31,478 INFO org.springframework.boot.SpringApplication [main] The following 1 profile is active: "testWithH2DB"
2022-10-16 21:43:33,751 INFO org.springframework.boot.web.embedded.tomcat.TomcatWebServer [main] Tomcat initialized with port(s): 8080 (http)
2022-10-16 21:43:33,765 INFO org.apache.juli.logging.DirectJDKLog [main] Initializing ProtocolHandler ["http-nio-8080"]
2022-10-16 21:43:33,766 INFO org.apache.juli.logging.DirectJDKLog [main] Starting service [Tomcat]
2022-10-16 21:43:33,766 INFO org.apache.juli.logging.DirectJDKLog [main] Starting Servlet engine: [Apache Tomcat/9.0.65]
2022-10-16 21:43:33,895 INFO org.apache.juli.logging.DirectJDKLog [main] Initializing Spring embedded WebApplicationContext
2022-10-16 21:43:33,895 INFO org.springframework.boot.web.servlet.context.ServletWebServerApplicationContext [main] Root WebApplicationContext: initialization completed in 2271 ms
2022-10-16 21:43:34,360 INFO org.springframework.boot.autoconfigure.h2.H2ConsoleAutoConfiguration [main] H2 console available at '/h2-console'. Database available at 'jdbc:h2:mem:testdb'
2022-10-16 21:43:35,328 INFO org.springframework.boot.actuate.endpoint.web.EndpointLinksResolver [main] Exposing 1 endpoint(s) beneath base path '/actuator'
2022-10-16 21:43:35,378 INFO org.apache.juli.logging.DirectJDKLog [main] Starting ProtocolHandler ["http-nio-8080"]
2022-10-16 21:43:35,403 INFO org.springframework.boot.web.embedded.tomcat.TomcatWebServer [main] Tomcat started on port(s): 8080 (http) with context path '/ELibrary'
2022-10-16 21:43:35,428 INFO org.springframework.boot.StartupInfoLogger [main] Started ElibraryAppApplication in 4.64 seconds (JVM running for 5.245)
2022-10-16 21:50:32,034 INFO org.springframework.boot.StartupInfoLogger [main] Starting ElibraryAppApplication using Java 17.0.2 on Sureshs-MBP.ht.home with PID 70626 (/Users/sureshbabu/Downloads/Apps/ELibrary/Version1/elibraryApp/bin/main started by sureshbabu in /Users/sureshbabu/Downloads/Apps/ELibrary/Version1/elibraryApp)
2022-10-16 21:50:32,036 INFO org.springframework.boot.SpringApplication [main] The following 1 profile is active: "testWithH2DB"
2022-10-16 21:50:34,342 INFO org.springframework.boot.web.embedded.tomcat.TomcatWebServer [main] Tomcat initialized with port(s): 8080 (http)
2022-10-16 21:50:34,353 INFO org.apache.juli.logging.DirectJDKLog [main] Initializing ProtocolHandler ["http-nio-8080"]
2022-10-16 21:50:34,353 INFO org.apache.juli.logging.DirectJDKLog [main] Starting service [Tomcat]
2022-10-16 21:50:34,354 INFO org.apache.juli.logging.DirectJDKLog [main] Starting Servlet engine: [Apache Tomcat/9.0.65]
2022-10-16 21:50:34,481 INFO org.apache.juli.logging.DirectJDKLog [main] Initializing Spring embedded WebApplicationContext
2022-10-16 21:50:34,482 INFO org.springframework.boot.web.servlet.context.ServletWebServerApplicationContext [main] Root WebApplicationContext: initialization completed in 2315 ms
2022-10-16 21:50:34,926 INFO org.springframework.boot.autoconfigure.h2.H2ConsoleAutoConfiguration [main] H2 console available at '/h2-console'. Database available at 'jdbc:h2:mem:testdb'
2022-10-16 21:50:35,870 INFO org.springframework.boot.actuate.endpoint.web.EndpointLinksResolver [main] Exposing 1 endpoint(s) beneath base path '/actuator'
2022-10-16 21:50:35,934 INFO org.apache.juli.logging.DirectJDKLog [main] Starting ProtocolHandler ["http-nio-8080"]
2022-10-16 21:50:35,967 INFO org.springframework.boot.web.embedded.tomcat.TomcatWebServer [main] Tomcat started on port(s): 8080 (http) with context path '/ELibrary'
2022-10-16 21:50:35,989 INFO org.springframework.boot.StartupInfoLogger [main] Started ElibraryAppApplication in 4.681 seconds (JVM running for 5.376)
2022-10-16 21:52:06,765 INFO org.springframework.boot.StartupInfoLogger [main] Starting ElibraryAppApplication using Java 17.0.2 on Sureshs-MBP.ht.home with PID 70654 (/Users/sureshbabu/Downloads/Apps/ELibrary/Version1/elibraryApp/bin/main started by sureshbabu in /Users/sureshbabu/Downloads/Apps/ELibrary/Version1/elibraryApp)
2022-10-16 21:52:06,768 INFO org.springframework.boot.SpringApplication [main] The following 1 profile is active: "testWithH2DB"
2022-10-16 21:52:09,057 INFO org.springframework.boot.web.embedded.tomcat.TomcatWebServer [main] Tomcat initialized with port(s): 8080 (http)
2022-10-16 21:52:09,068 INFO org.apache.juli.logging.DirectJDKLog [main] Initializing ProtocolHandler ["http-nio-8080"]
2022-10-16 21:52:09,069 INFO org.apache.juli.logging.DirectJDKLog [main] Starting service [Tomcat]
2022-10-16 21:52:09,069 INFO org.apache.juli.logging.DirectJDKLog [main] Starting Servlet engine: [Apache Tomcat/9.0.65]
2022-10-16 21:52:09,201 INFO org.apache.juli.logging.DirectJDKLog [main] Initializing Spring embedded WebApplicationContext
2022-10-16 21:52:09,201 INFO org.springframework.boot.web.servlet.context.ServletWebServerApplicationContext [main] Root WebApplicationContext: initialization completed in 2294 ms
2022-10-16 21:52:09,665 INFO org.springframework.boot.autoconfigure.h2.H2ConsoleAutoConfiguration [main] H2 console available at '/h2-console'. Database available at 'jdbc:h2:mem:testdb'
2022-10-16 21:52:10,647 INFO org.springframework.boot.actuate.endpoint.web.EndpointLinksResolver [main] Exposing 1 endpoint(s) beneath base path '/actuator'
2022-10-16 21:52:10,704 INFO org.apache.juli.logging.DirectJDKLog [main] Starting ProtocolHandler ["http-nio-8080"]
2022-10-16 21:52:10,736 INFO org.springframework.boot.web.embedded.tomcat.TomcatWebServer [main] Tomcat started on port(s): 8080 (http) with context path '/ELibrary'
2022-10-16 21:52:10,764 INFO org.springframework.boot.StartupInfoLogger [main] Started ElibraryAppApplication in 4.682 seconds (JVM running for 5.336)
2022-10-16 21:54:15,731 INFO org.springframework.boot.StartupInfoLogger [main] Starting ElibraryAppApplication using Java 17.0.2 on Sureshs-MBP.ht.home with PID 70841 (/Users/sureshbabu/Downloads/Apps/ELibrary/Version1/elibraryApp/bin/main started by sureshbabu in /Users/sureshbabu/Downloads/Apps/ELibrary/Version1/elibraryApp)
2022-10-16 21:54:15,734 INFO org.springframework.boot.SpringApplication [main] The following 1 profile is active: "testWithH2DB"
2022-10-16 21:54:18,445 INFO org.springframework.boot.web.embedded.tomcat.TomcatWebServer [main] Tomcat initialized with port(s): 8080 (http)
2022-10-16 21:54:18,456 INFO org.apache.juli.logging.DirectJDKLog [main] Initializing ProtocolHandler ["http-nio-8080"]
2022-10-16 21:54:18,457 INFO org.apache.juli.logging.DirectJDKLog [main] Starting service [Tomcat]
2022-10-16 21:54:18,457 INFO org.apache.juli.logging.DirectJDKLog [main] Starting Servlet engine: [Apache Tomcat/9.0.65]
2022-10-16 21:54:18,594 INFO org.apache.juli.logging.DirectJDKLog [main] Initializing Spring embedded WebApplicationContext
2022-10-16 21:54:18,594 INFO org.springframework.boot.web.servlet.context.ServletWebServerApplicationContext [main] Root WebApplicationContext: initialization completed in 2720 ms
2022-10-16 21:54:19,079 INFO org.springframework.boot.autoconfigure.h2.H2ConsoleAutoConfiguration [main] H2 console available at '/h2-console'. Database available at 'jdbc:h2:mem:testdb'
2022-10-16 21:54:20,125 INFO org.springframework.boot.actuate.endpoint.web.EndpointLinksResolver [main] Exposing 1 endpoint(s) beneath base path '/actuator'
2022-10-16 21:54:20,179 INFO org.apache.juli.logging.DirectJDKLog [main] Starting ProtocolHandler ["http-nio-8080"]
2022-10-16 21:54:20,214 INFO org.springframework.boot.web.embedded.tomcat.TomcatWebServer [main] Tomcat started on port(s): 8080 (http) with context path '/ELibrary'
2022-10-16 21:54:20,232 INFO org.springframework.boot.StartupInfoLogger [main] Started ElibraryAppApplication in 5.236 seconds (JVM running for 5.99)
2022-10-16 21:57:15,204 INFO org.springframework.boot.StartupInfoLogger [main] Starting ElibraryAppApplication using Java 17.0.2 on Sureshs-MBP.ht.home with PID 71561 (/Users/sureshbabu/Downloads/Apps/ELibrary/Version1/elibraryApp/bin/main started by sureshbabu in /Users/sureshbabu/Downloads/Apps/ELibrary/Version1/elibraryApp)
2022-10-16 21:57:15,206 INFO org.springframework.boot.SpringApplication [main] The following 1 profile is active: "testWithH2DB"
2022-10-16 21:57:17,566 INFO org.springframework.boot.web.embedded.tomcat.TomcatWebServer [main] Tomcat initialized with port(s): 8080 (http)
2022-10-16 21:57:17,580 INFO org.apache.juli.logging.DirectJDKLog [main] Initializing ProtocolHandler ["http-nio-8080"]
2022-10-16 21:57:17,581 INFO org.apache.juli.logging.DirectJDKLog [main] Starting service [Tomcat]
2022-10-16 21:57:17,581 INFO org.apache.juli.logging.DirectJDKLog [main] Starting Servlet engine: [Apache Tomcat/9.0.65]
2022-10-16 21:57:17,724 INFO org.apache.juli.logging.DirectJDKLog [main] Initializing Spring embedded WebApplicationContext
2022-10-16 21:57:17,725 INFO org.springframework.boot.web.servlet.context.ServletWebServerApplicationContext [main] Root WebApplicationContext: initialization completed in 2387 ms
2022-10-16 21:57:18,195 INFO org.springframework.boot.autoconfigure.h2.H2ConsoleAutoConfiguration [main] H2 console available at '/h2-console'. Database available at 'jdbc:h2:mem:ELibraryDB'
2022-10-16 21:57:19,181 INFO org.springframework.boot.actuate.endpoint.web.EndpointLinksResolver [main] Exposing 1 endpoint(s) beneath base path '/actuator'
2022-10-16 21:57:19,246 INFO org.apache.juli.logging.DirectJDKLog [main] Starting ProtocolHandler ["http-nio-8080"]
2022-10-16 21:57:19,272 INFO org.springframework.boot.web.embedded.tomcat.TomcatWebServer [main] Tomcat started on port(s): 8080 (http) with context path '/ELibrary'
2022-10-16 21:57:19,305 INFO org.springframework.boot.StartupInfoLogger [main] Started ElibraryAppApplication in 4.801 seconds (JVM running for 5.395)
2022-10-16 22:15:27,037 INFO org.springframework.boot.StartupInfoLogger [main] Starting ElibraryAppApplication using Java 17.0.2 on Sureshs-MBP.ht.home with PID 75989 (/Users/sureshbabu/Downloads/Apps/ELibrary/Version1/elibraryApp/bin/main started by sureshbabu in /Users/sureshbabu/Downloads/Apps/ELibrary/Version1/elibraryApp)
2022-10-16 22:15:27,040 INFO org.springframework.boot.SpringApplication [main] The following 1 profile is active: "testWithH2DB"
2022-10-16 22:15:29,495 INFO org.springframework.boot.web.embedded.tomcat.TomcatWebServer [main] Tomcat initialized with port(s): 8080 (http)
2022-10-16 22:15:29,507 INFO org.apache.juli.logging.DirectJDKLog [main] Initializing ProtocolHandler ["http-nio-8080"]
2022-10-16 22:15:29,508 INFO org.apache.juli.logging.DirectJDKLog [main] Starting service [Tomcat]
2022-10-16 22:15:29,508 INFO org.apache.juli.logging.DirectJDKLog [main] Starting Servlet engine: [Apache Tomcat/9.0.65]
2022-10-16 22:15:29,645 INFO org.apache.juli.logging.DirectJDKLog [main] Initializing Spring embedded WebApplicationContext
2022-10-16 22:15:29,645 INFO org.springframework.boot.web.servlet.context.ServletWebServerApplicationContext [main] Root WebApplicationContext: initialization completed in 2462 ms
2022-10-16 22:15:29,997 INFO com.zaxxer.hikari.HikariDataSource [main] HikariPool-1 - Starting...
2022-10-16 22:15:30,203 INFO com.zaxxer.hikari.HikariDataSource [main] HikariPool-1 - Start completed.
2022-10-16 22:15:30,224 INFO org.springframework.boot.autoconfigure.h2.H2ConsoleAutoConfiguration [main] H2 console available at '/h2-console'. Database available at 'jdbc:h2:mem:ELibraryDB'
2022-10-16 22:15:31,248 INFO org.springframework.boot.actuate.endpoint.web.EndpointLinksResolver [main] Exposing 1 endpoint(s) beneath base path '/actuator'
2022-10-16 22:15:31,304 INFO org.apache.juli.logging.DirectJDKLog [main] Starting ProtocolHandler ["http-nio-8080"]
2022-10-16 22:15:31,337 INFO org.springframework.boot.web.embedded.tomcat.TomcatWebServer [main] Tomcat started on port(s): 8080 (http) with context path '/ELibrary'
2022-10-16 22:15:31,362 INFO org.springframework.boot.StartupInfoLogger [main] Started ElibraryAppApplication in 5.077 seconds (JVM running for 5.869)
2022-10-16 22:24:42,862 INFO com.zaxxer.hikari.HikariDataSource [SpringApplicationShutdownHook] HikariPool-1 - Shutdown initiated...
2022-10-16 22:24:42,877 INFO com.zaxxer.hikari.HikariDataSource [SpringApplicationShutdownHook] HikariPool-1 - Shutdown completed.
2022-10-16 23:32:16,447 INFO org.springframework.boot.StartupInfoLogger [main] Starting ElibraryAppApplication using Java 17.0.2 on Sureshs-MBP.ht.home with PID 83972 (/Users/sureshbabu/Downloads/Apps/ELibrary/Version1/elibraryApp/bin/main started by sureshbabu in /Users/sureshbabu/Downloads/Apps/ELibrary/Version1/elibraryApp)
2022-10-16 23:32:16,457 INFO org.springframework.boot.SpringApplication [main] The following 1 profile is active: "testWithH2DB"
2022-10-16 23:32:19,144 INFO org.springframework.boot.web.embedded.tomcat.TomcatWebServer [main] Tomcat initialized with port(s): 8080 (http)
2022-10-16 23:32:19,159 INFO org.apache.juli.logging.DirectJDKLog [main] Initializing ProtocolHandler ["http-nio-8080"]
2022-10-16 23:32:19,160 INFO org.apache.juli.logging.DirectJDKLog [main] Starting service [Tomcat]
2022-10-16 23:32:19,161 INFO org.apache.juli.logging.DirectJDKLog [main] Starting Servlet engine: [Apache Tomcat/9.0.65]
2022-10-16 23:32:19,291 INFO org.apache.juli.logging.DirectJDKLog [main] Initializing Spring embedded WebApplicationContext
2022-10-16 23:32:19,291 INFO org.springframework.boot.web.servlet.context.ServletWebServerApplicationContext [main] Root WebApplicationContext: initialization completed in 2701 ms
2022-10-16 23:32:19,574 INFO com.zaxxer.hikari.HikariDataSource [main] HikariPool-1 - Starting...
2022-10-16 23:32:19,816 INFO com.zaxxer.hikari.HikariDataSource [main] HikariPool-1 - Start completed.
2022-10-16 23:32:19,833 INFO org.springframework.boot.autoconfigure.h2.H2ConsoleAutoConfiguration [main] H2 console available at '/h2-console'. Database available at 'jdbc:h2:mem:ELibraryDB'
2022-10-16 23:32:20,993 INFO org.springframework.boot.actuate.endpoint.web.EndpointLinksResolver [main] Exposing 1 endpoint(s) beneath base path '/actuator'
2022-10-16 23:32:21,044 INFO org.apache.juli.logging.DirectJDKLog [main] Starting ProtocolHandler ["http-nio-8080"]
2022-10-16 23:32:21,078 INFO org.springframework.boot.web.embedded.tomcat.TomcatWebServer [main] Tomcat started on port(s): 8080 (http) with context path '/ELibrary'
2022-10-16 23:32:21,102 INFO org.springframework.boot.StartupInfoLogger [main] Started ElibraryAppApplication in 5.713 seconds (JVM running for 7.774)
2022-10-16 23:32:56,278 INFO org.apache.juli.logging.DirectJDKLog [http-nio-8080-exec-3] Initializing Spring DispatcherServlet 'dispatcherServlet'
2022-10-16 23:32:56,285 INFO org.springframework.web.servlet.FrameworkServlet [http-nio-8080-exec-3] Initializing Servlet 'dispatcherServlet'
2022-10-16 23:32:56,328 INFO org.springframework.web.servlet.FrameworkServlet [http-nio-8080-exec-3] Completed initialization in 42 ms
2022-10-16 23:32:56,684 ERROR org.thymeleaf.TemplateEngine [http-nio-8080-exec-3] [THYMELEAF][http-nio-8080-exec-3] Exception processing template "index": Error resolving template [index], template might not exist or might not be accessible by any of the configured Template Resolvers
org.thymeleaf.exceptions.TemplateInputException: Error resolving template [index], template might not exist or might not be accessible by any of the configured Template Resolvers
	at org.thymeleaf.engine.TemplateManager.resolveTemplate(TemplateManager.java:869)
	at org.thymeleaf.engine.TemplateManager.parseAndProcess(TemplateManager.java:607)
	at org.thymeleaf.TemplateEngine.process(TemplateEngine.java:1098)
	at org.thymeleaf.TemplateEngine.process(TemplateEngine.java:1072)
	at org.thymeleaf.spring5.view.ThymeleafView.renderFragment(ThymeleafView.java:366)
	at org.thymeleaf.spring5.view.ThymeleafView.render(ThymeleafView.java:190)
	at org.springframework.web.servlet.DispatcherServlet.render(DispatcherServlet.java:1405)
	at org.springframework.web.servlet.DispatcherServlet.processDispatchResult(DispatcherServlet.java:1149)
	at org.springframework.web.servlet.DispatcherServlet.doDispatch(DispatcherServlet.java:1088)
	at org.springframework.web.servlet.DispatcherServlet.doService(DispatcherServlet.java:964)
	at org.springframework.web.servlet.FrameworkServlet.processRequest(FrameworkServlet.java:1006)
	at org.springframework.web.servlet.FrameworkServlet.doGet(FrameworkServlet.java:898)
	at javax.servlet.http.HttpServlet.service(HttpServlet.java:655)
	at org.springframework.web.servlet.FrameworkServlet.service(FrameworkServlet.java:883)
	at javax.servlet.http.HttpServlet.service(HttpServlet.java:764)
	at org.apache.catalina.core.ApplicationFilterChain.internalDoFilter(ApplicationFilterChain.java:227)
	at org.apache.catalina.core.ApplicationFilterChain.doFilter(ApplicationFilterChain.java:162)
	at org.apache.tomcat.websocket.server.WsFilter.doFilter(WsFilter.java:53)
	at org.apache.catalina.core.ApplicationFilterChain.internalDoFilter(ApplicationFilterChain.java:189)
	at org.apache.catalina.core.ApplicationFilterChain.doFilter(ApplicationFilterChain.java:162)
	at org.springframework.web.filter.RequestContextFilter.doFilterInternal(RequestContextFilter.java:100)
	at org.springframework.web.filter.OncePerRequestFilter.doFilter(OncePerRequestFilter.java:117)
	at org.apache.catalina.core.ApplicationFilterChain.internalDoFilter(ApplicationFilterChain.java:189)
	at org.apache.catalina.core.ApplicationFilterChain.doFilter(ApplicationFilterChain.java:162)
	at org.springframework.web.filter.FormContentFilter.doFilterInternal(FormContentFilter.java:93)
	at org.springframework.web.filter.OncePerRequestFilter.doFilter(OncePerRequestFilter.java:117)
	at org.apache.catalina.core.ApplicationFilterChain.internalDoFilter(ApplicationFilterChain.java:189)
	at org.apache.catalina.core.ApplicationFilterChain.doFilter(ApplicationFilterChain.java:162)
	at org.springframework.boot.actuate.metrics.web.servlet.WebMvcMetricsFilter.doFilterInternal(WebMvcMetricsFilter.java:96)
	at org.springframework.web.filter.OncePerRequestFilter.doFilter(OncePerRequestFilter.java:117)
	at org.apache.catalina.core.ApplicationFilterChain.internalDoFilter(ApplicationFilterChain.java:189)
	at org.apache.catalina.core.ApplicationFilterChain.doFilter(ApplicationFilterChain.java:162)
	at org.springframework.web.filter.CharacterEncodingFilter.doFilterInternal(CharacterEncodingFilter.java:201)
	at org.springframework.web.filter.OncePerRequestFilter.doFilter(OncePerRequestFilter.java:117)
	at org.apache.catalina.core.ApplicationFilterChain.internalDoFilter(ApplicationFilterChain.java:189)
	at org.apache.catalina.core.ApplicationFilterChain.doFilter(ApplicationFilterChain.java:162)
	at org.apache.catalina.core.StandardWrapperValve.invoke(StandardWrapperValve.java:197)
	at org.apache.catalina.core.StandardContextValve.invoke(StandardContextValve.java:97)
	at org.apache.catalina.authenticator.AuthenticatorBase.invoke(AuthenticatorBase.java:541)
	at org.apache.catalina.core.StandardHostValve.invoke(StandardHostValve.java:135)
	at org.apache.catalina.valves.ErrorReportValve.invoke(ErrorReportValve.java:92)
	at org.apache.catalina.core.StandardEngineValve.invoke(StandardEngineValve.java:78)
	at org.apache.catalina.connector.CoyoteAdapter.service(CoyoteAdapter.java:360)
	at org.apache.coyote.http11.Http11Processor.service(Http11Processor.java:399)
	at org.apache.coyote.AbstractProcessorLight.process(AbstractProcessorLight.java:65)
	at org.apache.coyote.AbstractProtocol$ConnectionHandler.process(AbstractProtocol.java:890)
	at org.apache.tomcat.util.net.NioEndpoint$SocketProcessor.doRun(NioEndpoint.java:1789)
	at org.apache.tomcat.util.net.SocketProcessorBase.run(SocketProcessorBase.java:49)
	at org.apache.tomcat.util.threads.ThreadPoolExecutor.runWorker(ThreadPoolExecutor.java:1191)
	at org.apache.tomcat.util.threads.ThreadPoolExecutor$Worker.run(ThreadPoolExecutor.java:659)
	at org.apache.tomcat.util.threads.TaskThread$WrappingRunnable.run(TaskThread.java:61)
	at java.base/java.lang.Thread.run(Thread.java:833)
2022-10-16 23:32:56,692 ERROR org.apache.juli.logging.DirectJDKLog [http-nio-8080-exec-3] Servlet.service() for servlet [dispatcherServlet] in context with path [/ELibrary] threw exception [Request processing failed; nested exception is org.thymeleaf.exceptions.TemplateInputException: Error resolving template [index], template might not exist or might not be accessible by any of the configured Template Resolvers] with root cause
org.thymeleaf.exceptions.TemplateInputException: Error resolving template [index], template might not exist or might not be accessible by any of the configured Template Resolvers
	at org.thymeleaf.engine.TemplateManager.resolveTemplate(TemplateManager.java:869)
	at org.thymeleaf.engine.TemplateManager.parseAndProcess(TemplateManager.java:607)
	at org.thymeleaf.TemplateEngine.process(TemplateEngine.java:1098)
	at org.thymeleaf.TemplateEngine.process(TemplateEngine.java:1072)
	at org.thymeleaf.spring5.view.ThymeleafView.renderFragment(ThymeleafView.java:366)
	at org.thymeleaf.spring5.view.ThymeleafView.render(ThymeleafView.java:190)
	at org.springframework.web.servlet.DispatcherServlet.render(DispatcherServlet.java:1405)
	at org.springframework.web.servlet.DispatcherServlet.processDispatchResult(DispatcherServlet.java:1149)
	at org.springframework.web.servlet.DispatcherServlet.doDispatch(DispatcherServlet.java:1088)
	at org.springframework.web.servlet.DispatcherServlet.doService(DispatcherServlet.java:964)
	at org.springframework.web.servlet.FrameworkServlet.processRequest(FrameworkServlet.java:1006)
	at org.springframework.web.servlet.FrameworkServlet.doGet(FrameworkServlet.java:898)
	at javax.servlet.http.HttpServlet.service(HttpServlet.java:655)
	at org.springframework.web.servlet.FrameworkServlet.service(FrameworkServlet.java:883)
	at javax.servlet.http.HttpServlet.service(HttpServlet.java:764)
	at org.apache.catalina.core.ApplicationFilterChain.internalDoFilter(ApplicationFilterChain.java:227)
	at org.apache.catalina.core.ApplicationFilterChain.doFilter(ApplicationFilterChain.java:162)
	at org.apache.tomcat.websocket.server.WsFilter.doFilter(WsFilter.java:53)
	at org.apache.catalina.core.ApplicationFilterChain.internalDoFilter(ApplicationFilterChain.java:189)
	at org.apache.catalina.core.ApplicationFilterChain.doFilter(ApplicationFilterChain.java:162)
	at org.springframework.web.filter.RequestContextFilter.doFilterInternal(RequestContextFilter.java:100)
	at org.springframework.web.filter.OncePerRequestFilter.doFilter(OncePerRequestFilter.java:117)
	at org.apache.catalina.core.ApplicationFilterChain.internalDoFilter(ApplicationFilterChain.java:189)
	at org.apache.catalina.core.ApplicationFilterChain.doFilter(ApplicationFilterChain.java:162)
	at org.springframework.web.filter.FormContentFilter.doFilterInternal(FormContentFilter.java:93)
	at org.springframework.web.filter.OncePerRequestFilter.doFilter(OncePerRequestFilter.java:117)
	at org.apache.catalina.core.ApplicationFilterChain.internalDoFilter(ApplicationFilterChain.java:189)
	at org.apache.catalina.core.ApplicationFilterChain.doFilter(ApplicationFilterChain.java:162)
	at org.springframework.boot.actuate.metrics.web.servlet.WebMvcMetricsFilter.doFilterInternal(WebMvcMetricsFilter.java:96)
	at org.springframework.web.filter.OncePerRequestFilter.doFilter(OncePerRequestFilter.java:117)
	at org.apache.catalina.core.ApplicationFilterChain.internalDoFilter(ApplicationFilterChain.java:189)
	at org.apache.catalina.core.ApplicationFilterChain.doFilter(ApplicationFilterChain.java:162)
	at org.springframework.web.filter.CharacterEncodingFilter.doFilterInternal(CharacterEncodingFilter.java:201)
	at org.springframework.web.filter.OncePerRequestFilter.doFilter(OncePerRequestFilter.java:117)
	at org.apache.catalina.core.ApplicationFilterChain.internalDoFilter(ApplicationFilterChain.java:189)
	at org.apache.catalina.core.ApplicationFilterChain.doFilter(ApplicationFilterChain.java:162)
	at org.apache.catalina.core.StandardWrapperValve.invoke(StandardWrapperValve.java:197)
	at org.apache.catalina.core.StandardContextValve.invoke(StandardContextValve.java:97)
	at org.apache.catalina.authenticator.AuthenticatorBase.invoke(AuthenticatorBase.java:541)
	at org.apache.catalina.core.StandardHostValve.invoke(StandardHostValve.java:135)
	at org.apache.catalina.valves.ErrorReportValve.invoke(ErrorReportValve.java:92)
	at org.apache.catalina.core.StandardEngineValve.invoke(StandardEngineValve.java:78)
	at org.apache.catalina.connector.CoyoteAdapter.service(CoyoteAdapter.java:360)
	at org.apache.coyote.http11.Http11Processor.service(Http11Processor.java:399)
	at org.apache.coyote.AbstractProcessorLight.process(AbstractProcessorLight.java:65)
	at org.apache.coyote.AbstractProtocol$ConnectionHandler.process(AbstractProtocol.java:890)
	at org.apache.tomcat.util.net.NioEndpoint$SocketProcessor.doRun(NioEndpoint.java:1789)
	at org.apache.tomcat.util.net.SocketProcessorBase.run(SocketProcessorBase.java:49)
	at org.apache.tomcat.util.threads.ThreadPoolExecutor.runWorker(ThreadPoolExecutor.java:1191)
	at org.apache.tomcat.util.threads.ThreadPoolExecutor$Worker.run(ThreadPoolExecutor.java:659)
	at org.apache.tomcat.util.threads.TaskThread$WrappingRunnable.run(TaskThread.java:61)
	at java.base/java.lang.Thread.run(Thread.java:833)
2022-10-16 23:35:25,018 ERROR org.thymeleaf.TemplateEngine [http-nio-8080-exec-8] [THYMELEAF][http-nio-8080-exec-8] Exception processing template "index": Error resolving template [index], template might not exist or might not be accessible by any of the configured Template Resolvers
org.thymeleaf.exceptions.TemplateInputException: Error resolving template [index], template might not exist or might not be accessible by any of the configured Template Resolvers
	at org.thymeleaf.engine.TemplateManager.resolveTemplate(TemplateManager.java:869)
	at org.thymeleaf.engine.TemplateManager.parseAndProcess(TemplateManager.java:607)
	at org.thymeleaf.TemplateEngine.process(TemplateEngine.java:1098)
	at org.thymeleaf.TemplateEngine.process(TemplateEngine.java:1072)
	at org.thymeleaf.spring5.view.ThymeleafView.renderFragment(ThymeleafView.java:366)
	at org.thymeleaf.spring5.view.ThymeleafView.render(ThymeleafView.java:190)
	at org.springframework.web.servlet.DispatcherServlet.render(DispatcherServlet.java:1405)
	at org.springframework.web.servlet.DispatcherServlet.processDispatchResult(DispatcherServlet.java:1149)
	at org.springframework.web.servlet.DispatcherServlet.doDispatch(DispatcherServlet.java:1088)
	at org.springframework.web.servlet.DispatcherServlet.doService(DispatcherServlet.java:964)
	at org.springframework.web.servlet.FrameworkServlet.processRequest(FrameworkServlet.java:1006)
	at org.springframework.web.servlet.FrameworkServlet.doGet(FrameworkServlet.java:898)
	at javax.servlet.http.HttpServlet.service(HttpServlet.java:655)
	at org.springframework.web.servlet.FrameworkServlet.service(FrameworkServlet.java:883)
	at javax.servlet.http.HttpServlet.service(HttpServlet.java:764)
	at org.apache.catalina.core.ApplicationFilterChain.internalDoFilter(ApplicationFilterChain.java:227)
	at org.apache.catalina.core.ApplicationFilterChain.doFilter(ApplicationFilterChain.java:162)
	at org.apache.tomcat.websocket.server.WsFilter.doFilter(WsFilter.java:53)
	at org.apache.catalina.core.ApplicationFilterChain.internalDoFilter(ApplicationFilterChain.java:189)
	at org.apache.catalina.core.ApplicationFilterChain.doFilter(ApplicationFilterChain.java:162)
	at org.springframework.web.filter.RequestContextFilter.doFilterInternal(RequestContextFilter.java:100)
	at org.springframework.web.filter.OncePerRequestFilter.doFilter(OncePerRequestFilter.java:117)
	at org.apache.catalina.core.ApplicationFilterChain.internalDoFilter(ApplicationFilterChain.java:189)
	at org.apache.catalina.core.ApplicationFilterChain.doFilter(ApplicationFilterChain.java:162)
	at org.springframework.web.filter.FormContentFilter.doFilterInternal(FormContentFilter.java:93)
	at org.springframework.web.filter.OncePerRequestFilter.doFilter(OncePerRequestFilter.java:117)
	at org.apache.catalina.core.ApplicationFilterChain.internalDoFilter(ApplicationFilterChain.java:189)
	at org.apache.catalina.core.ApplicationFilterChain.doFilter(ApplicationFilterChain.java:162)
	at org.springframework.boot.actuate.metrics.web.servlet.WebMvcMetricsFilter.doFilterInternal(WebMvcMetricsFilter.java:96)
	at org.springframework.web.filter.OncePerRequestFilter.doFilter(OncePerRequestFilter.java:117)
	at org.apache.catalina.core.ApplicationFilterChain.internalDoFilter(ApplicationFilterChain.java:189)
	at org.apache.catalina.core.ApplicationFilterChain.doFilter(ApplicationFilterChain.java:162)
	at org.springframework.web.filter.CharacterEncodingFilter.doFilterInternal(CharacterEncodingFilter.java:201)
	at org.springframework.web.filter.OncePerRequestFilter.doFilter(OncePerRequestFilter.java:117)
	at org.apache.catalina.core.ApplicationFilterChain.internalDoFilter(ApplicationFilterChain.java:189)
	at org.apache.catalina.core.ApplicationFilterChain.doFilter(ApplicationFilterChain.java:162)
	at org.apache.catalina.core.StandardWrapperValve.invoke(StandardWrapperValve.java:197)
	at org.apache.catalina.core.StandardContextValve.invoke(StandardContextValve.java:97)
	at org.apache.catalina.authenticator.AuthenticatorBase.invoke(AuthenticatorBase.java:541)
	at org.apache.catalina.core.StandardHostValve.invoke(StandardHostValve.java:135)
	at org.apache.catalina.valves.ErrorReportValve.invoke(ErrorReportValve.java:92)
	at org.apache.catalina.core.StandardEngineValve.invoke(StandardEngineValve.java:78)
	at org.apache.catalina.connector.CoyoteAdapter.service(CoyoteAdapter.java:360)
	at org.apache.coyote.http11.Http11Processor.service(Http11Processor.java:399)
	at org.apache.coyote.AbstractProcessorLight.process(AbstractProcessorLight.java:65)
	at org.apache.coyote.AbstractProtocol$ConnectionHandler.process(AbstractProtocol.java:890)
	at org.apache.tomcat.util.net.NioEndpoint$SocketProcessor.doRun(NioEndpoint.java:1789)
	at org.apache.tomcat.util.net.SocketProcessorBase.run(SocketProcessorBase.java:49)
	at org.apache.tomcat.util.threads.ThreadPoolExecutor.runWorker(ThreadPoolExecutor.java:1191)
	at org.apache.tomcat.util.threads.ThreadPoolExecutor$Worker.run(ThreadPoolExecutor.java:659)
	at org.apache.tomcat.util.threads.TaskThread$WrappingRunnable.run(TaskThread.java:61)
	at java.base/java.lang.Thread.run(Thread.java:833)
2022-10-16 23:35:25,026 ERROR org.apache.juli.logging.DirectJDKLog [http-nio-8080-exec-8] Servlet.service() for servlet [dispatcherServlet] in context with path [/ELibrary] threw exception [Request processing failed; nested exception is org.thymeleaf.exceptions.TemplateInputException: Error resolving template [index], template might not exist or might not be accessible by any of the configured Template Resolvers] with root cause
org.thymeleaf.exceptions.TemplateInputException: Error resolving template [index], template might not exist or might not be accessible by any of the configured Template Resolvers
	at org.thymeleaf.engine.TemplateManager.resolveTemplate(TemplateManager.java:869)
	at org.thymeleaf.engine.TemplateManager.parseAndProcess(TemplateManager.java:607)
	at org.thymeleaf.TemplateEngine.process(TemplateEngine.java:1098)
	at org.thymeleaf.TemplateEngine.process(TemplateEngine.java:1072)
	at org.thymeleaf.spring5.view.ThymeleafView.renderFragment(ThymeleafView.java:366)
	at org.thymeleaf.spring5.view.ThymeleafView.render(ThymeleafView.java:190)
	at org.springframework.web.servlet.DispatcherServlet.render(DispatcherServlet.java:1405)
	at org.springframework.web.servlet.DispatcherServlet.processDispatchResult(DispatcherServlet.java:1149)
	at org.springframework.web.servlet.DispatcherServlet.doDispatch(DispatcherServlet.java:1088)
	at org.springframework.web.servlet.DispatcherServlet.doService(DispatcherServlet.java:964)
	at org.springframework.web.servlet.FrameworkServlet.processRequest(FrameworkServlet.java:1006)
	at org.springframework.web.servlet.FrameworkServlet.doGet(FrameworkServlet.java:898)
	at javax.servlet.http.HttpServlet.service(HttpServlet.java:655)
	at org.springframework.web.servlet.FrameworkServlet.service(FrameworkServlet.java:883)
	at javax.servlet.http.HttpServlet.service(HttpServlet.java:764)
	at org.apache.catalina.core.ApplicationFilterChain.internalDoFilter(ApplicationFilterChain.java:227)
	at org.apache.catalina.core.ApplicationFilterChain.doFilter(ApplicationFilterChain.java:162)
	at org.apache.tomcat.websocket.server.WsFilter.doFilter(WsFilter.java:53)
	at org.apache.catalina.core.ApplicationFilterChain.internalDoFilter(ApplicationFilterChain.java:189)
	at org.apache.catalina.core.ApplicationFilterChain.doFilter(ApplicationFilterChain.java:162)
	at org.springframework.web.filter.RequestContextFilter.doFilterInternal(RequestContextFilter.java:100)
	at org.springframework.web.filter.OncePerRequestFilter.doFilter(OncePerRequestFilter.java:117)
	at org.apache.catalina.core.ApplicationFilterChain.internalDoFilter(ApplicationFilterChain.java:189)
	at org.apache.catalina.core.ApplicationFilterChain.doFilter(ApplicationFilterChain.java:162)
	at org.springframework.web.filter.FormContentFilter.doFilterInternal(FormContentFilter.java:93)
	at org.springframework.web.filter.OncePerRequestFilter.doFilter(OncePerRequestFilter.java:117)
	at org.apache.catalina.core.ApplicationFilterChain.internalDoFilter(ApplicationFilterChain.java:189)
	at org.apache.catalina.core.ApplicationFilterChain.doFilter(ApplicationFilterChain.java:162)
	at org.springframework.boot.actuate.metrics.web.servlet.WebMvcMetricsFilter.doFilterInternal(WebMvcMetricsFilter.java:96)
	at org.springframework.web.filter.OncePerRequestFilter.doFilter(OncePerRequestFilter.java:117)
	at org.apache.catalina.core.ApplicationFilterChain.internalDoFilter(ApplicationFilterChain.java:189)
	at org.apache.catalina.core.ApplicationFilterChain.doFilter(ApplicationFilterChain.java:162)
	at org.springframework.web.filter.CharacterEncodingFilter.doFilterInternal(CharacterEncodingFilter.java:201)
	at org.springframework.web.filter.OncePerRequestFilter.doFilter(OncePerRequestFilter.java:117)
	at org.apache.catalina.core.ApplicationFilterChain.internalDoFilter(ApplicationFilterChain.java:189)
	at org.apache.catalina.core.ApplicationFilterChain.doFilter(ApplicationFilterChain.java:162)
	at org.apache.catalina.core.StandardWrapperValve.invoke(StandardWrapperValve.java:197)
	at org.apache.catalina.core.StandardContextValve.invoke(StandardContextValve.java:97)
	at org.apache.catalina.authenticator.AuthenticatorBase.invoke(AuthenticatorBase.java:541)
	at org.apache.catalina.core.StandardHostValve.invoke(StandardHostValve.java:135)
	at org.apache.catalina.valves.ErrorReportValve.invoke(ErrorReportValve.java:92)
	at org.apache.catalina.core.StandardEngineValve.invoke(StandardEngineValve.java:78)
	at org.apache.catalina.connector.CoyoteAdapter.service(CoyoteAdapter.java:360)
	at org.apache.coyote.http11.Http11Processor.service(Http11Processor.java:399)
	at org.apache.coyote.AbstractProcessorLight.process(AbstractProcessorLight.java:65)
	at org.apache.coyote.AbstractProtocol$ConnectionHandler.process(AbstractProtocol.java:890)
	at org.apache.tomcat.util.net.NioEndpoint$SocketProcessor.doRun(NioEndpoint.java:1789)
	at org.apache.tomcat.util.net.SocketProcessorBase.run(SocketProcessorBase.java:49)
	at org.apache.tomcat.util.threads.ThreadPoolExecutor.runWorker(ThreadPoolExecutor.java:1191)
	at org.apache.tomcat.util.threads.ThreadPoolExecutor$Worker.run(ThreadPoolExecutor.java:659)
	at org.apache.tomcat.util.threads.TaskThread$WrappingRunnable.run(TaskThread.java:61)
	at java.base/java.lang.Thread.run(Thread.java:833)
2022-10-16 23:40:34,890 INFO org.springframework.boot.StartupInfoLogger [main] Starting ElibraryAppApplication using Java 17.0.2 on Sureshs-MBP.ht.home with PID 85988 (/Users/sureshbabu/Downloads/Apps/ELibrary/Version1/elibraryApp/bin/main started by sureshbabu in /Users/sureshbabu/Downloads/Apps/ELibrary/Version1/elibraryApp)
2022-10-16 23:40:34,893 INFO org.springframework.boot.SpringApplication [main] The following 1 profile is active: "testWithH2DB"
2022-10-16 23:40:37,281 INFO org.springframework.boot.web.embedded.tomcat.TomcatWebServer [main] Tomcat initialized with port(s): 8080 (http)
2022-10-16 23:40:37,293 INFO org.apache.juli.logging.DirectJDKLog [main] Initializing ProtocolHandler ["http-nio-8080"]
2022-10-16 23:40:37,294 INFO org.apache.juli.logging.DirectJDKLog [main] Starting service [Tomcat]
2022-10-16 23:40:37,294 INFO org.apache.juli.logging.DirectJDKLog [main] Starting Servlet engine: [Apache Tomcat/9.0.65]
2022-10-16 23:40:37,417 INFO org.apache.juli.logging.DirectJDKLog [main] Initializing Spring embedded WebApplicationContext
2022-10-16 23:40:37,417 INFO org.springframework.boot.web.servlet.context.ServletWebServerApplicationContext [main] Root WebApplicationContext: initialization completed in 2381 ms
2022-10-16 23:40:37,772 INFO com.zaxxer.hikari.HikariDataSource [main] HikariPool-1 - Starting...
2022-10-16 23:40:37,981 INFO com.zaxxer.hikari.HikariDataSource [main] HikariPool-1 - Start completed.
2022-10-16 23:40:37,998 INFO org.springframework.boot.autoconfigure.h2.H2ConsoleAutoConfiguration [main] H2 console available at '/h2-console'. Database available at 'jdbc:h2:mem:ELibraryDB'
2022-10-16 23:40:38,872 INFO org.springframework.boot.actuate.endpoint.web.EndpointLinksResolver [main] Exposing 1 endpoint(s) beneath base path '/actuator'
2022-10-16 23:40:38,922 INFO org.apache.juli.logging.DirectJDKLog [main] Starting ProtocolHandler ["http-nio-8080"]
2022-10-16 23:40:38,950 INFO org.springframework.boot.web.embedded.tomcat.TomcatWebServer [main] Tomcat started on port(s): 8080 (http) with context path '/ELibrary'
2022-10-16 23:40:38,967 INFO org.springframework.boot.StartupInfoLogger [main] Started ElibraryAppApplication in 4.845 seconds (JVM running for 5.613)
2022-10-16 23:40:52,175 INFO org.apache.juli.logging.DirectJDKLog [http-nio-8080-exec-1] Initializing Spring DispatcherServlet 'dispatcherServlet'
2022-10-16 23:40:52,178 INFO org.springframework.web.servlet.FrameworkServlet [http-nio-8080-exec-1] Initializing Servlet 'dispatcherServlet'
2022-10-16 23:40:52,188 INFO org.springframework.web.servlet.FrameworkServlet [http-nio-8080-exec-1] Completed initialization in 10 ms
2022-10-16 23:40:52,336 WARN org.springframework.web.servlet.resource.ResourceHttpRequestHandler [http-nio-8080-exec-1] "Path with "WEB-INF" or "META-INF": [WEB-INF/views/index.html]"
2022-10-16 23:40:54,832 WARN org.springframework.web.servlet.resource.ResourceHttpRequestHandler [http-nio-8080-exec-2] "Path with "WEB-INF" or "META-INF": [WEB-INF/views/index.html]"
2022-10-16 23:41:05,298 WARN org.springframework.web.servlet.resource.ResourceHttpRequestHandler [http-nio-8080-exec-3] "Path with "WEB-INF" or "META-INF": [WEB-INF/views/index.html]"
2022-10-16 23:41:07,655 WARN org.springframework.web.servlet.resource.ResourceHttpRequestHandler [http-nio-8080-exec-4] "Path with "WEB-INF" or "META-INF": [WEB-INF/views/index.html]"
2022-10-16 23:42:51,390 INFO com.zaxxer.hikari.HikariDataSource [SpringApplicationShutdownHook] HikariPool-1 - Shutdown initiated...
2022-10-16 23:42:51,400 INFO com.zaxxer.hikari.HikariDataSource [SpringApplicationShutdownHook] HikariPool-1 - Shutdown completed.
2022-10-16 23:56:15,089 INFO org.springframework.boot.StartupInfoLogger [main] Starting ElibraryAppApplication using Java 17.0.2 on Sureshs-MBP.ht.home with PID 89825 (/Users/sureshbabu/Downloads/Apps/ELibrary/Version1/elibraryApp/bin/main started by sureshbabu in /Users/sureshbabu/Downloads/Apps/ELibrary/Version1/elibraryApp)
2022-10-16 23:56:15,093 INFO org.springframework.boot.SpringApplication [main] The following 1 profile is active: "testWithH2DB"
2022-10-16 23:56:17,475 INFO org.springframework.boot.web.embedded.tomcat.TomcatWebServer [main] Tomcat initialized with port(s): 8080 (http)
2022-10-16 23:56:17,487 INFO org.apache.juli.logging.DirectJDKLog [main] Initializing ProtocolHandler ["http-nio-8080"]
2022-10-16 23:56:17,487 INFO org.apache.juli.logging.DirectJDKLog [main] Starting service [Tomcat]
2022-10-16 23:56:17,488 INFO org.apache.juli.logging.DirectJDKLog [main] Starting Servlet engine: [Apache Tomcat/9.0.65]
2022-10-16 23:56:17,627 INFO org.apache.juli.logging.DirectJDKLog [main] Initializing Spring embedded WebApplicationContext
2022-10-16 23:56:17,628 INFO org.springframework.boot.web.servlet.context.ServletWebServerApplicationContext [main] Root WebApplicationContext: initialization completed in 2386 ms
2022-10-16 23:56:17,992 INFO com.zaxxer.hikari.HikariDataSource [main] HikariPool-1 - Starting...
2022-10-16 23:56:18,243 INFO com.zaxxer.hikari.HikariDataSource [main] HikariPool-1 - Start completed.
2022-10-16 23:56:18,281 INFO org.springframework.boot.autoconfigure.h2.H2ConsoleAutoConfiguration [main] H2 console available at '/h2-console'. Database available at 'jdbc:h2:mem:ELibraryDB'
2022-10-16 23:56:19,221 INFO org.springframework.boot.actuate.endpoint.web.EndpointLinksResolver [main] Exposing 1 endpoint(s) beneath base path '/actuator'
2022-10-16 23:56:19,302 INFO org.apache.juli.logging.DirectJDKLog [main] Starting ProtocolHandler ["http-nio-8080"]
2022-10-16 23:56:19,339 INFO org.springframework.boot.web.embedded.tomcat.TomcatWebServer [main] Tomcat started on port(s): 8080 (http) with context path '/ELibrary'
2022-10-16 23:56:19,359 INFO org.springframework.boot.StartupInfoLogger [main] Started ElibraryAppApplication in 5.03 seconds (JVM running for 5.827)
2022-10-16 23:56:35,158 INFO org.apache.juli.logging.DirectJDKLog [http-nio-8080-exec-1] Initializing Spring DispatcherServlet 'dispatcherServlet'
2022-10-16 23:56:35,163 INFO org.springframework.web.servlet.FrameworkServlet [http-nio-8080-exec-1] Initializing Servlet 'dispatcherServlet'
2022-10-16 23:56:35,174 INFO org.springframework.web.servlet.FrameworkServlet [http-nio-8080-exec-1] Completed initialization in 10 ms
2022-10-16 23:56:35,285 INFO com.library.elibrary.controllers.LibrarianLoginController [http-nio-8080-exec-1] Enteriing... login
2022-10-16 23:56:35,361 WARN org.springframework.web.servlet.resource.ResourceHttpRequestHandler [http-nio-8080-exec-1] "Path with "WEB-INF" or "META-INF": [WEB-INF/views/index.html]"
2022-10-16 23:56:38,054 INFO com.library.elibrary.controllers.LibrarianLoginController [http-nio-8080-exec-2] Enteriing... login
2022-10-16 23:56:38,068 WARN org.springframework.web.servlet.resource.ResourceHttpRequestHandler [http-nio-8080-exec-2] "Path with "WEB-INF" or "META-INF": [WEB-INF/views/index.html]"
